Using pre-set license
Built from '2021.1/staging' branch; Version is '2021.1.14f1 (51d2f824827f) revision 5362424'; Using compiler version '192528614'; Build Type 'Release'
OS: 'Windows 10 Pro; OS build 19043.2130; Version 2009; 64bit' Language: 'zh' Physical Memory: 32483 MB
BatchMode: 1, IsHumanControllingUs: 0, StartBugReporterOnCrash: 0, Is64bit: 1, IsPro: 0

 COMMAND LINE ARGUMENTS:
C:\Program Files\Unity\Hub\Editor\2021.1.14f1\Editor\Unity.exe
-adb2
-batchMode
-noUpm
-name
AssetImportWorker0
-projectPath
F:/Unity/CatLike_/CatLike
-logFile
Logs/AssetImportWorker0.log
-srvPort
64546
Successfully changed project path to: F:/Unity/CatLike_/CatLike
F:/Unity/CatLike_/CatLike
Using Asset Import Pipeline V2.
Refreshing native plugins compatible for Editor in 91.33 ms, found 3 plugins.
Preloading 0 native plugins for Editor in 0.00 ms.
Initialize engine version: 2021.1.14f1 (51d2f824827f)
[Subsystems] Discovering subsystems at path C:/Program Files/Unity/Hub/Editor/2021.1.14f1/Editor/Data/Resources/UnitySubsystems
[Subsystems] Discovering subsystems at path F:/Unity/CatLike_/CatLike/Assets
GfxDevice: creating device client; threaded=0; jobified=0
Direct3D:
    Version:  Direct3D 11.0 [level 11.1]
    Renderer: NVIDIA GeForce RTX 3060 (ID=0x2503)
    Vendor:   NVIDIA
    VRAM:     12143 MB
    Driver:   30.0.14.7212
Initialize mono
Mono path[0] = 'C:/Program Files/Unity/Hub/Editor/2021.1.14f1/Editor/Data/Managed'
Mono path[1] = 'C:/Program Files/Unity/Hub/Editor/2021.1.14f1/Editor/Data/MonoBleedingEdge/lib/mono/unityjit'
Mono config path = 'C:/Program Files/Unity/Hub/Editor/2021.1.14f1/Editor/Data/MonoBleedingEdge/etc'
Using monoOptions --debugger-agent=transport=dt_socket,embedding=1,server=y,suspend=n,address=127.0.0.1:56700
Begin MonoManager ReloadAssembly
Registering precompiled unity dll's ...
Register platform support module: C:/Program Files/Unity/Hub/Editor/2021.1.14f1/Editor/Data/PlaybackEngines/WindowsStandaloneSupport/UnityEditor.WindowsStandalone.Extensions.dll
Registered in 0.001150 seconds.
Native extension for WindowsStandalone target not found
Refreshing native plugins compatible for Editor in 92.89 ms, found 3 plugins.
Preloading 0 native plugins for Editor in 0.00 ms.
Mono: successfully reloaded assembly
- Completed reload, in  1.911 seconds
Domain Reload Profiling:
	ReloadAssembly (1911ms)
		BeginReloadAssembly (49ms)
			ExecutionOrderSort (0ms)
			DisableScriptedObjects (0ms)
			BackupInstance (0ms)
			ReleaseScriptingObjects (0ms)
			CreateAndSetChildDomain (1ms)
		EndReloadAssembly (413ms)
			LoadAssemblies (48ms)
			RebuildTransferFunctionScriptingTraits (0ms)
			SetupTypeCache (134ms)
			ReleaseScriptCaches (0ms)
			RebuildScriptCaches (28ms)
			SetupLoadedEditorAssemblies (210ms)
				LogAssemblyErrors (0ms)
				InitializePlatformSupportModulesInManaged (5ms)
				SetLoadedEditorAssemblies (0ms)
				RefreshPlugins (93ms)
				BeforeProcessingInitializeOnLoad (1ms)
				ProcessInitializeOnLoadAttributes (85ms)
				ProcessInitializeOnLoadMethodAttributes (25ms)
				AfterProcessingInitializeOnLoad (0ms)
				EditorAssembliesLoaded (0ms)
			ExecutionOrderSort2 (0ms)
			AwakeInstancesAfterBackupRestoration (0ms)
Platform modules already initialized, skipping
Registering precompiled user dll's ...
Registered in 0.004747 seconds.
Begin MonoManager ReloadAssembly
Symbol file LoadedFromMemory doesn't match image F:\Unity\CatLike_\CatLike\Library\PackageCache\com.unity.visualscripting@1.6.1\Editor\VisualScripting.Core\Dependencies\YamlDotNet\Unity.VisualScripting.YamlDotNet.dll
Symbol file LoadedFromMemory doesn't match image F:\Unity\CatLike_\CatLike\Library\PackageCache\com.unity.visualscripting@1.6.1\Editor\VisualScripting.Core\Dependencies\DotNetZip\Unity.VisualScripting.IonicZip.dll
Native extension for WindowsStandalone target not found
Refreshing native plugins compatible for Editor in 93.44 ms, found 3 plugins.
Preloading 0 native plugins for Editor in 0.00 ms.
Mono: successfully reloaded assembly
- Completed reload, in  2.784 seconds
Domain Reload Profiling:
	ReloadAssembly (2785ms)
		BeginReloadAssembly (127ms)
			ExecutionOrderSort (0ms)
			DisableScriptedObjects (4ms)
			BackupInstance (0ms)
			ReleaseScriptingObjects (0ms)
			CreateAndSetChildDomain (18ms)
		EndReloadAssembly (2612ms)
			LoadAssemblies (84ms)
			RebuildTransferFunctionScriptingTraits (0ms)
			SetupTypeCache (308ms)
			ReleaseScriptCaches (1ms)
			RebuildScriptCaches (55ms)
			SetupLoadedEditorAssemblies (2086ms)
				LogAssemblyErrors (0ms)
				InitializePlatformSupportModulesInManaged (3ms)
				SetLoadedEditorAssemblies (0ms)
				RefreshPlugins (94ms)
				BeforeProcessingInitializeOnLoad (1750ms)
				ProcessInitializeOnLoadAttributes (232ms)
				ProcessInitializeOnLoadMethodAttributes (5ms)
				AfterProcessingInitializeOnLoad (2ms)
				EditorAssembliesLoaded (0ms)
			ExecutionOrderSort2 (0ms)
			AwakeInstancesAfterBackupRestoration (5ms)
Platform modules already initialized, skipping
========================================================================
Worker process is ready to serve import requests
Launched and connected shader compiler UnityShaderCompiler.exe after 0.06 seconds
Refreshing native plugins compatible for Editor in 0.84 ms, found 3 plugins.
Preloading 0 native plugins for Editor in 0.00 ms.
Unloading 4637 Unused Serialized files (Serialized files now loaded: 0)
System memory in use before: 182.1 MB.
System memory in use after: 177.9 MB.

Unloading 80 unused Assets to reduce memory usage. Loaded Objects now: 5028.
Total: 4.776600 ms (FindLiveObjects: 0.604400 ms CreateObjectMapping: 0.349700 ms MarkObjects: 2.116200 ms  DeleteObjects: 1.703800 ms)

AssetImportParameters requested are different than current active one (requested -> active):
  custom:framework-win-MediaFoundation: 216162199b28c13a410421893ffa2e32 -> 
  custom:video-decoder-ogg-theora: a1e56fd34408186e4bbccfd4996cb3dc -> 
  custom:container-muxer-webm: aa71ff27fc2769a1b78a27578f13a17b -> 
  custom:container-demuxer-webm: 4f35f7cbe854078d1ac9338744f61a02 -> 
  custom:container-demuxer-ogg: 62fdf1f143b41e24485cea50d1cbac27 -> 
  custom:video-encoder-webm-vp8: eb34c28f22e8b96e1ab97ce403110664 -> 
  custom:video-decoder-webm-vp8: 9c59270c3fd7afecdb556c50c9e8de78 -> 
  custom:audio-decoder-ogg-vorbis: bf7c407c2cedff20999df2af8eb42d56 -> 
  custom:audio-encoder-webm-vorbis: bf7c407c2cedff20999df2af8eb42d56 -> 
========================================================================
Received Import Request.
  path: Assets/Scenes/Base/Fractal.unity
  artifactKey: Guid(2bf07f61d218d5f4baa13e9200eb993b) Importer(815301076,1909f56bfc062723c751e8b465ee728b)
Start importing Assets/Scenes/Base/Fractal.unity using Guid(2bf07f61d218d5f4baa13e9200eb993b) Importer(815301076,1909f56bfc062723c751e8b465ee728b)  -> (artifact id: 'd0224253d36c61112d4a2cc09e5b5468') in 0.014933 seconds 
========================================================================
Received Prepare
Registering precompiled user dll's ...
Registered in 0.004846 seconds.
Begin MonoManager ReloadAssembly
Symbol file LoadedFromMemory doesn't match image F:\Unity\CatLike_\CatLike\Library\PackageCache\com.unity.visualscripting@1.6.1\Editor\VisualScripting.Core\Dependencies\YamlDotNet\Unity.VisualScripting.YamlDotNet.dll
Symbol file LoadedFromMemory doesn't match image F:\Unity\CatLike_\CatLike\Library\PackageCache\com.unity.visualscripting@1.6.1\Editor\VisualScripting.Core\Dependencies\DotNetZip\Unity.VisualScripting.IonicZip.dll
Native extension for WindowsStandalone target not found
Refreshing native plugins compatible for Editor in 1.00 ms, found 3 plugins.
Preloading 0 native plugins for Editor in 0.00 ms.
Mono: successfully reloaded assembly
- Completed reload, in  1.072 seconds
Domain Reload Profiling:
	ReloadAssembly (1072ms)
		BeginReloadAssembly (128ms)
			ExecutionOrderSort (0ms)
			DisableScriptedObjects (4ms)
			BackupInstance (0ms)
			ReleaseScriptingObjects (0ms)
			CreateAndSetChildDomain (38ms)
		EndReloadAssembly (896ms)
			LoadAssemblies (92ms)
			RebuildTransferFunctionScriptingTraits (0ms)
			SetupTypeCache (345ms)
			ReleaseScriptCaches (2ms)
			RebuildScriptCaches (48ms)
			SetupLoadedEditorAssemblies (311ms)
				LogAssemblyErrors (0ms)
				InitializePlatformSupportModulesInManaged (4ms)
				SetLoadedEditorAssemblies (0ms)
				RefreshPlugins (1ms)
				BeforeProcessingInitializeOnLoad (66ms)
				ProcessInitializeOnLoadAttributes (233ms)
				ProcessInitializeOnLoadMethodAttributes (4ms)
				AfterProcessingInitializeOnLoad (2ms)
				EditorAssembliesLoaded (0ms)
			ExecutionOrderSort2 (0ms)
			AwakeInstancesAfterBackupRestoration (9ms)
Platform modules already initialized, skipping
Switching build target platform(19) subTarget(0) extendedPlatform(0) -> platform(13) subTarget(537395200) extendedPlatform(0)
Refreshing native plugins compatible for Editor in 1.18 ms, found 3 plugins.
Preloading 0 native plugins for Editor in 0.00 ms.
Unloading 4597 Unused Serialized files (Serialized files now loaded: 0)
System memory in use before: 178.4 MB.
System memory in use after: 174.3 MB.

Unloading 75 unused Assets to reduce memory usage. Loaded Objects now: 5031.
Total: 4.413300 ms (FindLiveObjects: 0.411100 ms CreateObjectMapping: 0.311800 ms MarkObjects: 2.223000 ms  DeleteObjects: 1.466200 ms)

AssetImportParameters requested are different than current active one (requested -> active):
  custom:framework-win-MediaFoundation: 216162199b28c13a410421893ffa2e32 -> 
  custom:video-decoder-ogg-theora: a1e56fd34408186e4bbccfd4996cb3dc -> 
  custom:container-muxer-webm: aa71ff27fc2769a1b78a27578f13a17b -> 
  custom:container-demuxer-webm: 4f35f7cbe854078d1ac9338744f61a02 -> 
  custom:container-demuxer-ogg: 62fdf1f143b41e24485cea50d1cbac27 -> 
  custom:video-encoder-webm-vp8: eb34c28f22e8b96e1ab97ce403110664 -> 
  custom:video-decoder-webm-vp8: 9c59270c3fd7afecdb556c50c9e8de78 -> 
  custom:graphics/normal-map-encoding: 01000000000000000000000000000000 -> 02000000000000000000000000000000
  custom:audio-decoder-ogg-vorbis: bf7c407c2cedff20999df2af8eb42d56 -> 
  custom:audio-encoder-webm-vorbis: bf7c407c2cedff20999df2af8eb42d56 -> 
========================================================================
Received Import Request.
  Time since last request: 233.347474 seconds.
  path: Assets/Scripts/Base/Graph/FunctionLibrary.compute
  artifactKey: Guid(ee32c2dcdc938044eb1c22ee362c5800) Importer(815301076,1909f56bfc062723c751e8b465ee728b)
Start importing Assets/Scripts/Base/Graph/FunctionLibrary.compute using Guid(ee32c2dcdc938044eb1c22ee362c5800) Importer(815301076,1909f56bfc062723c751e8b465ee728b)  -> (artifact id: 'b01cc38cbc323492f22f70a35be13ed6') in 0.071739 seconds 
========================================================================
Received Import Request.
  Time since last request: 19.372694 seconds.
  path: Assets/Scenes/Base/Graph.unity
  artifactKey: Guid(0ca95db474ab35d40ab8e44a8b318fc1) Importer(815301076,1909f56bfc062723c751e8b465ee728b)
Start importing Assets/Scenes/Base/Graph.unity using Guid(0ca95db474ab35d40ab8e44a8b318fc1) Importer(815301076,1909f56bfc062723c751e8b465ee728b)  -> (artifact id: 'd6c15f75e9891686e47a2f1614e3172f') in 0.002459 seconds 
========================================================================
Received Prepare
Registering precompiled user dll's ...
Registered in 0.004618 seconds.
Begin MonoManager ReloadAssembly
Symbol file LoadedFromMemory doesn't match image F:\Unity\CatLike_\CatLike\Library\PackageCache\com.unity.visualscripting@1.6.1\Editor\VisualScripting.Core\Dependencies\YamlDotNet\Unity.VisualScripting.YamlDotNet.dll
Symbol file LoadedFromMemory doesn't match image F:\Unity\CatLike_\CatLike\Library\PackageCache\com.unity.visualscripting@1.6.1\Editor\VisualScripting.Core\Dependencies\DotNetZip\Unity.VisualScripting.IonicZip.dll
Native extension for WindowsStandalone target not found
Refreshing native plugins compatible for Editor in 0.82 ms, found 3 plugins.
Preloading 0 native plugins for Editor in 0.00 ms.
Mono: successfully reloaded assembly
- Completed reload, in  1.035 seconds
Domain Reload Profiling:
	ReloadAssembly (1035ms)
		BeginReloadAssembly (113ms)
			ExecutionOrderSort (0ms)
			DisableScriptedObjects (4ms)
			BackupInstance (0ms)
			ReleaseScriptingObjects (0ms)
			CreateAndSetChildDomain (35ms)
		EndReloadAssembly (873ms)
			LoadAssemblies (98ms)
			RebuildTransferFunctionScriptingTraits (0ms)
			SetupTypeCache (343ms)
			ReleaseScriptCaches (1ms)
			RebuildScriptCaches (44ms)
			SetupLoadedEditorAssemblies (292ms)
				LogAssemblyErrors (0ms)
				InitializePlatformSupportModulesInManaged (4ms)
				SetLoadedEditorAssemblies (0ms)
				RefreshPlugins (1ms)
				BeforeProcessingInitializeOnLoad (61ms)
				ProcessInitializeOnLoadAttributes (219ms)
				ProcessInitializeOnLoadMethodAttributes (4ms)
				AfterProcessingInitializeOnLoad (2ms)
				EditorAssembliesLoaded (0ms)
			ExecutionOrderSort2 (0ms)
			AwakeInstancesAfterBackupRestoration (9ms)
Platform modules already initialized, skipping
Switching build target platform(19) subTarget(0) extendedPlatform(0) -> platform(13) subTarget(537395200) extendedPlatform(0)
Refreshing native plugins compatible for Editor in 0.76 ms, found 3 plugins.
Preloading 0 native plugins for Editor in 0.00 ms.
Unloading 4597 Unused Serialized files (Serialized files now loaded: 0)
System memory in use before: 178.6 MB.
System memory in use after: 174.4 MB.

Unloading 75 unused Assets to reduce memory usage. Loaded Objects now: 5034.
Total: 3.799300 ms (FindLiveObjects: 0.312400 ms CreateObjectMapping: 0.223500 ms MarkObjects: 1.876000 ms  DeleteObjects: 1.386400 ms)

AssetImportParameters requested are different than current active one (requested -> active):
  custom:framework-win-MediaFoundation: 216162199b28c13a410421893ffa2e32 -> 
  custom:video-decoder-ogg-theora: a1e56fd34408186e4bbccfd4996cb3dc -> 
  custom:container-muxer-webm: aa71ff27fc2769a1b78a27578f13a17b -> 
  custom:container-demuxer-webm: 4f35f7cbe854078d1ac9338744f61a02 -> 
  custom:container-demuxer-ogg: 62fdf1f143b41e24485cea50d1cbac27 -> 
  custom:video-encoder-webm-vp8: eb34c28f22e8b96e1ab97ce403110664 -> 
  custom:video-decoder-webm-vp8: 9c59270c3fd7afecdb556c50c9e8de78 -> 
  custom:graphics/normal-map-encoding: 01000000000000000000000000000000 -> 02000000000000000000000000000000
  custom:audio-decoder-ogg-vorbis: bf7c407c2cedff20999df2af8eb42d56 -> 
  custom:audio-encoder-webm-vorbis: bf7c407c2cedff20999df2af8eb42d56 -> 
========================================================================
Received Import Request.
  Time since last request: 209.851176 seconds.
  path: Assets/Scripts/Base/Graph/FunctionLibrary.compute
  artifactKey: Guid(ee32c2dcdc938044eb1c22ee362c5800) Importer(815301076,1909f56bfc062723c751e8b465ee728b)
Start importing Assets/Scripts/Base/Graph/FunctionLibrary.compute using Guid(ee32c2dcdc938044eb1c22ee362c5800) Importer(815301076,1909f56bfc062723c751e8b465ee728b)  -> (artifact id: 'b88162e858c97d9a6dc08ff9d151fdf5') in 0.015925 seconds 
========================================================================
Received Import Request.
  Time since last request: 11.467136 seconds.
  path: Assets/Scripts/Base/Graph/FunctionLibrary.compute
  artifactKey: Guid(ee32c2dcdc938044eb1c22ee362c5800) Importer(815301076,1909f56bfc062723c751e8b465ee728b)
Start importing Assets/Scripts/Base/Graph/FunctionLibrary.compute using Guid(ee32c2dcdc938044eb1c22ee362c5800) Importer(815301076,1909f56bfc062723c751e8b465ee728b)  -> (artifact id: '8dfd54363e96f57b6f820cc7ccebd538') in 0.004277 seconds 
========================================================================
Received Import Request.
  Time since last request: 122.609423 seconds.
  path: Assets/Scripts/Base/Graph/FunctionLibrary.cs
  artifactKey: Guid(a2be1181aa4cf57468fe343636f722ff) Importer(815301076,1909f56bfc062723c751e8b465ee728b)
Start importing Assets/Scripts/Base/Graph/FunctionLibrary.cs using Guid(a2be1181aa4cf57468fe343636f722ff) Importer(815301076,1909f56bfc062723c751e8b465ee728b)  -> (artifact id: '8f98add963b5339a26c623d47799b1e6') in 0.010951 seconds 
========================================================================
Received Import Request.
  Time since last request: 1.880820 seconds.
  path: Assets/Scripts/Base/Graph/GraphEnum.cs
  artifactKey: Guid(daa4d20f8441e174eaee795d1b47b6e0) Importer(815301076,1909f56bfc062723c751e8b465ee728b)
Start importing Assets/Scripts/Base/Graph/GraphEnum.cs using Guid(daa4d20f8441e174eaee795d1b47b6e0) Importer(815301076,1909f56bfc062723c751e8b465ee728b)  -> (artifact id: 'b9780711c9c78c50004f442496ebe35f') in 0.859511 seconds 
========================================================================
Received Import Request.
  Time since last request: 30.256753 seconds.
  path: Assets/Resources/Shaders/Base/Graph/PointGPU.hlsl
  artifactKey: Guid(42caef9dfd7f5744b9a8c2c066af054b) Importer(815301076,1909f56bfc062723c751e8b465ee728b)
Start importing Assets/Resources/Shaders/Base/Graph/PointGPU.hlsl using Guid(42caef9dfd7f5744b9a8c2c066af054b) Importer(815301076,1909f56bfc062723c751e8b465ee728b)  -> (artifact id: '00ca71ec84ecf95cb4283fd9d8dbdfce') in 0.012270 seconds 
========================================================================
Received Import Request.
  Time since last request: 18.028861 seconds.
  path: Assets/Resources/Shaders/Base/Graph/PointSurfaceGpu.shader
  artifactKey: Guid(d75b8e9c70114684ebb6292840acfb22) Importer(815301076,1909f56bfc062723c751e8b465ee728b)
Start importing Assets/Resources/Shaders/Base/Graph/PointSurfaceGpu.shader using Guid(d75b8e9c70114684ebb6292840acfb22) Importer(815301076,1909f56bfc062723c751e8b465ee728b)  -> (artifact id: '5e837add9f7e0af35d303ace91ab0cbe') in 0.004282 seconds 
========================================================================
Received Import Request.
  Time since last request: 1493.957257 seconds.
  path: Assets/TextMesh Pro/Resources/Style Sheets/Default Style Sheet.asset
  artifactKey: Guid(f952c082cb03451daed3ee968ac6c63e) Importer(815301076,1909f56bfc062723c751e8b465ee728b)
Start importing Assets/TextMesh Pro/Resources/Style Sheets/Default Style Sheet.asset using Guid(f952c082cb03451daed3ee968ac6c63e) Importer(815301076,1909f56bfc062723c751e8b465ee728b)  -> (artifact id: 'b37af64516339196fef5198baa3e54c5') in 0.005920 seconds 
========================================================================
Received Import Request.
  Time since last request: 14.330500 seconds.
  path: Assets/Resources/Materials/Base/ClockMove/Hour Aim.mat
  artifactKey: Guid(a59129537734e6343afcba55dbe3c19b) Importer(2089858483,934ff659095e30574adcf32a4c2f97b5)
Start importing Assets/Resources/Materials/Base/ClockMove/Hour Aim.mat using Guid(a59129537734e6343afcba55dbe3c19b) Importer(2089858483,934ff659095e30574adcf32a4c2f97b5)  -> (artifact id: '71f310ddb26f91dfd25a5e188e64a005') in 0.813702 seconds 
========================================================================
Received Import Request.
  Time since last request: 0.000185 seconds.
  path: Assets/TextMesh Pro/Shaders/TMPro.cginc
  artifactKey: Guid(407bc68d299748449bbf7f48ee690f8d) Importer(2089858483,934ff659095e30574adcf32a4c2f97b5)
Start importing Assets/TextMesh Pro/Shaders/TMPro.cginc using Guid(407bc68d299748449bbf7f48ee690f8d) Importer(2089858483,934ff659095e30574adcf32a4c2f97b5)  -> (artifact id: '2dbc2d80ab4f6fed681b3e4fe24ea312') in 0.965411 seconds 
========================================================================
Received Import Request.
  Time since last request: 0.000204 seconds.
  path: Assets/Scripts/Base/ClockMove
  artifactKey: Guid(50a18d9778e6ac146948861c42f379f6) Importer(2089858483,934ff659095e30574adcf32a4c2f97b5)
Start importing Assets/Scripts/Base/ClockMove using Guid(50a18d9778e6ac146948861c42f379f6) Importer(2089858483,934ff659095e30574adcf32a4c2f97b5)  -> (artifact id: '271e751a5a79ec93e213ba1b8d7531f6') in 0.034680 seconds 
========================================================================
Received Import Request.
  Time since last request: 0.000252 seconds.
  path: Assets/TextMesh Pro/Shaders
  artifactKey: Guid(e9f693669af91aa45ad615fc681ed29f) Importer(2089858483,934ff659095e30574adcf32a4c2f97b5)
Start importing Assets/TextMesh Pro/Shaders using Guid(e9f693669af91aa45ad615fc681ed29f) Importer(2089858483,934ff659095e30574adcf32a4c2f97b5)  -> (artifact id: 'e4f312498961724ac9260dc8f828a12c') in 0.006405 seconds 
========================================================================
Received Import Request.
  Time since last request: 0.000287 seconds.
  path: Assets/TextMesh Pro/Resources/Style Sheets
  artifactKey: Guid(4aecb92fff08436c8303b10eab8da368) Importer(2089858483,934ff659095e30574adcf32a4c2f97b5)
Start importing Assets/TextMesh Pro/Resources/Style Sheets using Guid(4aecb92fff08436c8303b10eab8da368) Importer(2089858483,934ff659095e30574adcf32a4c2f97b5)  -> (artifact id: 'c1857178ad99accc044532dd7381f3ad') in 0.833521 seconds 
========================================================================
Received Import Request.
  Time since last request: 0.000201 seconds.
  path: Assets/TextMesh Pro/Shaders/TMPro_Properties.cginc
  artifactKey: Guid(3997e2241185407d80309a82f9148466) Importer(2089858483,934ff659095e30574adcf32a4c2f97b5)
Start importing Assets/TextMesh Pro/Shaders/TMPro_Properties.cginc using Guid(3997e2241185407d80309a82f9148466) Importer(2089858483,934ff659095e30574adcf32a4c2f97b5)  -> (artifact id: 'b1886b103df3501e1bd2a7234dc02a92') in 0.006326 seconds 
========================================================================
Received Import Request.
  Time since last request: 0.000385 seconds.
  path: Assets/TextMesh Pro/Resources/Fonts & Materials/LiberationSans SDF - Fallback.asset
  artifactKey: Guid(2e498d1c8094910479dc3e1b768306a4) Importer(2089858483,934ff659095e30574adcf32a4c2f97b5)
Start importing Assets/TextMesh Pro/Resources/Fonts & Materials/LiberationSans SDF - Fallback.asset using Guid(2e498d1c8094910479dc3e1b768306a4) Importer(2089858483,934ff659095e30574adcf32a4c2f97b5)  -> (artifact id: 'ca94d8d53a8801b16f089916e5fb7565') in 0.034486 seconds 
========================================================================
Received Import Request.
  Time since last request: 0.000272 seconds.
  path: Assets/Resources/Materials/Base/Graph/Graph URP.mat
  artifactKey: Guid(cfb375400e4a53b41a001b0efd7514ce) Importer(2089858483,934ff659095e30574adcf32a4c2f97b5)
Start importing Assets/Resources/Materials/Base/Graph/Graph URP.mat using Guid(cfb375400e4a53b41a001b0efd7514ce) Importer(2089858483,934ff659095e30574adcf32a4c2f97b5)  -> (artifact id: '342dc5fcceab0cb16f399b35bf22e139') in 0.008181 seconds 
========================================================================
Received Import Request.
  Time since last request: 0.000316 seconds.
  path: Assets/Scripts/Base/Graph/FunctionLibrary.cs
  artifactKey: Guid(a2be1181aa4cf57468fe343636f722ff) Importer(2089858483,934ff659095e30574adcf32a4c2f97b5)
Start importing Assets/Scripts/Base/Graph/FunctionLibrary.cs using Guid(a2be1181aa4cf57468fe343636f722ff) Importer(2089858483,934ff659095e30574adcf32a4c2f97b5)  -> (artifact id: 'a2f1bc6f089c4399d776753afbfeba2c') in 0.007511 seconds 
========================================================================
Received Import Request.
  Time since last request: 0.000587 seconds.
  path: Assets/Scripts/Base/Graph/FunctionLibrary.compute
  artifactKey: Guid(ee32c2dcdc938044eb1c22ee362c5800) Importer(2089858483,934ff659095e30574adcf32a4c2f97b5)
Start importing Assets/Scripts/Base/Graph/FunctionLibrary.compute using Guid(ee32c2dcdc938044eb1c22ee362c5800) Importer(2089858483,934ff659095e30574adcf32a4c2f97b5)  -> (artifact id: '0be07f33dc1a822657ac161609bcc49f') in 0.008415 seconds 
========================================================================
Received Import Request.
  Time since last request: 0.000455 seconds.
  path: Assets/Scenes/Base/Graph.unity
  artifactKey: Guid(0ca95db474ab35d40ab8e44a8b318fc1) Importer(2089858483,934ff659095e30574adcf32a4c2f97b5)
Start importing Assets/Scenes/Base/Graph.unity using Guid(0ca95db474ab35d40ab8e44a8b318fc1) Importer(2089858483,934ff659095e30574adcf32a4c2f97b5)  -> (artifact id: '4e4904ba4cbc9423d72e997fa77019aa') in 0.006385 seconds 
========================================================================
Received Import Request.
  Time since last request: 0.000612 seconds.
  path: Assets/TextMesh Pro/Shaders/TMP_SDF-Surface-Mobile.shader
  artifactKey: Guid(85187c2149c549c5b33f0cdb02836b17) Importer(2089858483,934ff659095e30574adcf32a4c2f97b5)
Start importing Assets/TextMesh Pro/Shaders/TMP_SDF-Surface-Mobile.shader using Guid(85187c2149c549c5b33f0cdb02836b17) Importer(2089858483,934ff659095e30574adcf32a4c2f97b5)  -> (artifact id: 'ea7a63171a6b70a1ae2f04ed2df80e10') in 0.008653 seconds 
========================================================================
Received Import Request.
  Time since last request: 0.000499 seconds.
  path: Assets/Resources/Prefabs/Move/SampleMove
  artifactKey: Guid(c8bbab8462d0d374eb1292a0433a7b17) Importer(2089858483,934ff659095e30574adcf32a4c2f97b5)
Start importing Assets/Resources/Prefabs/Move/SampleMove using Guid(c8bbab8462d0d374eb1292a0433a7b17) Importer(2089858483,934ff659095e30574adcf32a4c2f97b5)  -> (artifact id: 'ddaa08f2cb3006601dd02bbc077dae31') in 0.006540 seconds 
========================================================================
Received Import Request.
  Time since last request: 0.000418 seconds.
  path: Assets/Resources/Materials/Base/ClockMove
  artifactKey: Guid(04495ca0d8f97c44bace093dc296ef14) Importer(2089858483,934ff659095e30574adcf32a4c2f97b5)
Start importing Assets/Resources/Materials/Base/ClockMove using Guid(04495ca0d8f97c44bace093dc296ef14) Importer(2089858483,934ff659095e30574adcf32a4c2f97b5)  -> (artifact id: 'c11beea7bc725fe4e2e072fbf54978e6') in 0.007740 seconds 
========================================================================
Received Import Request.
  Time since last request: 0.000295 seconds.
  path: Assets/TextMesh Pro/Fonts/LiberationSans.ttf
  artifactKey: Guid(e3265ab4bf004d28a9537516768c1c75) Importer(2089858483,934ff659095e30574adcf32a4c2f97b5)
Start importing Assets/TextMesh Pro/Fonts/LiberationSans.ttf using Guid(e3265ab4bf004d28a9537516768c1c75) Importer(2089858483,934ff659095e30574adcf32a4c2f97b5)  -> (artifact id: '378d4d9794c5d9f2ec7fb198bec87d53') in 0.036082 seconds 
========================================================================
Received Import Request.
  Time since last request: 0.000237 seconds.
  path: Assets/Resources/Shaders/Base/Graph/PointPBRGui.shadergraph
  artifactKey: Guid(390eb0f037b7bf747bdc99235e05115f) Importer(2089858483,934ff659095e30574adcf32a4c2f97b5)
Start importing Assets/Resources/Shaders/Base/Graph/PointPBRGui.shadergraph using Guid(390eb0f037b7bf747bdc99235e05115f) Importer(2089858483,934ff659095e30574adcf32a4c2f97b5)  -> (artifact id: '42aaa280e14610dae2aed897dadd08b0') in 0.013695 seconds 
========================================================================
Received Import Request.
  Time since last request: 0.000327 seconds.
  path: Assets/TextMesh Pro
  artifactKey: Guid(f54d1bd14bd3ca042bd867b519fee8cc) Importer(2089858483,934ff659095e30574adcf32a4c2f97b5)
Start importing Assets/TextMesh Pro using Guid(f54d1bd14bd3ca042bd867b519fee8cc) Importer(2089858483,934ff659095e30574adcf32a4c2f97b5)  -> (artifact id: 'c0fdca8d34e2b387d9070d050c1e7f9c') in 0.006487 seconds 
========================================================================
Received Import Request.
  Time since last request: 0.000301 seconds.
  path: Assets/Resources/Materials/Base/Fractal/Fractal.mat
  artifactKey: Guid(cc8bf2a59eae4e8458ae48fbcf19cf06) Importer(2089858483,934ff659095e30574adcf32a4c2f97b5)
Start importing Assets/Resources/Materials/Base/Fractal/Fractal.mat using Guid(cc8bf2a59eae4e8458ae48fbcf19cf06) Importer(2089858483,934ff659095e30574adcf32a4c2f97b5)  -> (artifact id: 'cae1b553df3f9a1fc6a21f639e2a018d') in 0.007266 seconds 
========================================================================
Received Import Request.
  Time since last request: 0.000317 seconds.
  path: Assets/TextMesh Pro/Shaders/TMPro_Surface.cginc
  artifactKey: Guid(d930090c0cd643c7b55f19a38538c162) Importer(2089858483,934ff659095e30574adcf32a4c2f97b5)
Start importing Assets/TextMesh Pro/Shaders/TMPro_Surface.cginc using Guid(d930090c0cd643c7b55f19a38538c162) Importer(2089858483,934ff659095e30574adcf32a4c2f97b5)  -> (artifact id: '4ad871306df01818154c4bad06196ee8') in 0.882284 seconds 
========================================================================
Received Import Request.
  Time since last request: 0.000265 seconds.
  path: Assets/Scenes/Base
  artifactKey: Guid(e65e67f9700ec8b408b1341a5ef75983) Importer(2089858483,934ff659095e30574adcf32a4c2f97b5)
Start importing Assets/Scenes/Base using Guid(e65e67f9700ec8b408b1341a5ef75983) Importer(2089858483,934ff659095e30574adcf32a4c2f97b5)  -> (artifact id: 'd30584127c89a7fccc4409f93c9fbc88') in 0.005199 seconds 
========================================================================
Received Import Request.
  Time since last request: 0.000429 seconds.
  path: Assets/Resources/Materials/Base/Graph/Graph.mat
  artifactKey: Guid(901cfe7caae1f124b81e202376edd94b) Importer(2089858483,934ff659095e30574adcf32a4c2f97b5)
Start importing Assets/Resources/Materials/Base/Graph/Graph.mat using Guid(901cfe7caae1f124b81e202376edd94b) Importer(2089858483,934ff659095e30574adcf32a4c2f97b5)  -> (artifact id: '7714c22bf4c2b10b1146040ce1f8f4cf') in 0.008841 seconds 
========================================================================
Received Import Request.
  Time since last request: 0.000390 seconds.
  path: Assets/TextMesh Pro/Resources/Fonts & Materials/LiberationSans SDF - Outline.mat
  artifactKey: Guid(79459efec17a4d00a321bdcc27bbc385) Importer(2089858483,934ff659095e30574adcf32a4c2f97b5)
Start importing Assets/TextMesh Pro/Resources/Fonts & Materials/LiberationSans SDF - Outline.mat using Guid(79459efec17a4d00a321bdcc27bbc385) Importer(2089858483,934ff659095e30574adcf32a4c2f97b5)  -> (artifact id: '615c2dc25476afdeeb70db79724eb6a2') in 0.007919 seconds 
========================================================================
Received Import Request.
  Time since last request: 0.000391 seconds.
  path: Assets/TextMesh Pro/Resources/Sprite Assets
  artifactKey: Guid(512a49d95c0c4332bdd98131869c23c9) Importer(2089858483,934ff659095e30574adcf32a4c2f97b5)
Start importing Assets/TextMesh Pro/Resources/Sprite Assets using Guid(512a49d95c0c4332bdd98131869c23c9) Importer(2089858483,934ff659095e30574adcf32a4c2f97b5)  -> (artifact id: '919680de1e7c7b14fcaf38304c40b060') in 0.008170 seconds 
========================================================================
Received Import Request.
  Time since last request: 0.000325 seconds.
  path: Assets/TextMesh Pro/Resources
  artifactKey: Guid(243e06394e614e5d99fab26083b707fa) Importer(2089858483,934ff659095e30574adcf32a4c2f97b5)
Start importing Assets/TextMesh Pro/Resources using Guid(243e06394e614e5d99fab26083b707fa) Importer(2089858483,934ff659095e30574adcf32a4c2f97b5)  -> (artifact id: '1c41499aaa3d56bfa015eeca48017525') in 0.007353 seconds 
========================================================================
Received Import Request.
  Time since last request: 0.000217 seconds.
  path: Assets/TextMesh Pro/Resources/Sprite Assets/EmojiOne.asset
  artifactKey: Guid(c41005c129ba4d66911b75229fd70b45) Importer(2089858483,934ff659095e30574adcf32a4c2f97b5)
Start importing Assets/TextMesh Pro/Resources/Sprite Assets/EmojiOne.asset using Guid(c41005c129ba4d66911b75229fd70b45) Importer(2089858483,934ff659095e30574adcf32a4c2f97b5)  -> (artifact id: '02983b043f50e2c1b7dc6c9150ce13d0') in 0.049787 seconds 
========================================================================
Received Import Request.
  Time since last request: 0.000451 seconds.
  path: Assets/TextMesh Pro/Shaders/TMP_Bitmap.shader
  artifactKey: Guid(128e987d567d4e2c824d754223b3f3b0) Importer(2089858483,934ff659095e30574adcf32a4c2f97b5)
Start importing Assets/TextMesh Pro/Shaders/TMP_Bitmap.shader using Guid(128e987d567d4e2c824d754223b3f3b0) Importer(2089858483,934ff659095e30574adcf32a4c2f97b5)  -> (artifact id: 'e4c5bfbaa551c9b00d070a48c4557cd5') in 0.784579 seconds 
========================================================================
Received Import Request.
  Time since last request: 0.000149 seconds.
  path: Assets/TextMesh Pro/Shaders/TMP_SDF.shader
  artifactKey: Guid(68e6db2ebdc24f95958faec2be5558d6) Importer(2089858483,934ff659095e30574adcf32a4c2f97b5)
Start importing Assets/TextMesh Pro/Shaders/TMP_SDF.shader using Guid(68e6db2ebdc24f95958faec2be5558d6) Importer(2089858483,934ff659095e30574adcf32a4c2f97b5)  -> (artifact id: '4fd1fce45173ec2de79ab76db52a48e7') in 0.006014 seconds 
========================================================================
Received Import Request.
  Time since last request: 0.000236 seconds.
  path: Assets/Scripts/Move
  artifactKey: Guid(22ef4d40d11c7a44889e50bcf08ff3cc) Importer(2089858483,934ff659095e30574adcf32a4c2f97b5)
Start importing Assets/Scripts/Move using Guid(22ef4d40d11c7a44889e50bcf08ff3cc) Importer(2089858483,934ff659095e30574adcf32a4c2f97b5)  -> (artifact id: '608b4e373220fff21572365d9107ac3f') in 0.005735 seconds 
========================================================================
Received Import Request.
  Time since last request: 0.000279 seconds.
  path: Assets/Resources/Materials/Base/Fractal
  artifactKey: Guid(2039c7d0fe4bdfd40a572063ea83b4a1) Importer(2089858483,934ff659095e30574adcf32a4c2f97b5)
Start importing Assets/Resources/Materials/Base/Fractal using Guid(2039c7d0fe4bdfd40a572063ea83b4a1) Importer(2089858483,934ff659095e30574adcf32a4c2f97b5)  -> (artifact id: '008f4ddc41c572e1722d66e8377a1c45') in 0.007527 seconds 
========================================================================
Received Import Request.
  Time since last request: 0.000366 seconds.
  path: Assets/Scenes/Move/PushSphereAround.unity
  artifactKey: Guid(df0e98d8bda79a54f82aef659f532308) Importer(2089858483,934ff659095e30574adcf32a4c2f97b5)
Start importing Assets/Scenes/Move/PushSphereAround.unity using Guid(df0e98d8bda79a54f82aef659f532308) Importer(2089858483,934ff659095e30574adcf32a4c2f97b5)  -> (artifact id: '434f2fce1829991505ff9f663ea2d588') in 0.006974 seconds 
========================================================================
Received Import Request.
  Time since last request: 0.000386 seconds.
  path: Assets/Scripts/Move/PushSphereAround
  artifactKey: Guid(8ad786fb0b43c044591d442d1a9626ff) Importer(2089858483,934ff659095e30574adcf32a4c2f97b5)
Start importing Assets/Scripts/Move/PushSphereAround using Guid(8ad786fb0b43c044591d442d1a9626ff) Importer(2089858483,934ff659095e30574adcf32a4c2f97b5)  -> (artifact id: '9ef5a381e63bff3ca349e335da73717b') in 0.009323 seconds 
========================================================================
Received Import Request.
  Time since last request: 0.000268 seconds.
  path: Assets/TextMesh Pro/Shaders/TMP_SDF-Mobile.shader
  artifactKey: Guid(fe393ace9b354375a9cb14cdbbc28be4) Importer(2089858483,934ff659095e30574adcf32a4c2f97b5)
Start importing Assets/TextMesh Pro/Shaders/TMP_SDF-Mobile.shader using Guid(fe393ace9b354375a9cb14cdbbc28be4) Importer(2089858483,934ff659095e30574adcf32a4c2f97b5)  -> (artifact id: '8c0911b13b23451c5ffec1999fda3746') in 0.007504 seconds 
========================================================================
Received Import Request.
  Time since last request: 0.000275 seconds.
  path: Assets/Scripts/Move/PushSphereAround/PushSphereAround.cs
  artifactKey: Guid(f0121b0b72665424280ab7b36ca1909c) Importer(2089858483,934ff659095e30574adcf32a4c2f97b5)
Start importing Assets/Scripts/Move/PushSphereAround/PushSphereAround.cs using Guid(f0121b0b72665424280ab7b36ca1909c) Importer(2089858483,934ff659095e30574adcf32a4c2f97b5)  -> (artifact id: '60dfd48f2871eec23236f69604d895fc') in 0.007217 seconds 
========================================================================
Received Import Request.
  Time since last request: 0.000272 seconds.
  path: Assets/Resources/Materials/Move
  artifactKey: Guid(8672f960c9d806b40a502f3285d37d1d) Importer(2089858483,934ff659095e30574adcf32a4c2f97b5)
Start importing Assets/Resources/Materials/Move using Guid(8672f960c9d806b40a502f3285d37d1d) Importer(2089858483,934ff659095e30574adcf32a4c2f97b5)  -> (artifact id: 'fcd33b43de86a43a104aa6832aa2d35a') in 0.008034 seconds 
========================================================================
Received Import Request.
  Time since last request: 0.000299 seconds.
  path: Assets/TextMesh Pro/Shaders/TMP_Bitmap-Custom-Atlas.shader
  artifactKey: Guid(48bb5f55d8670e349b6e614913f9d910) Importer(2089858483,934ff659095e30574adcf32a4c2f97b5)
Start importing Assets/TextMesh Pro/Shaders/TMP_Bitmap-Custom-Atlas.shader using Guid(48bb5f55d8670e349b6e614913f9d910) Importer(2089858483,934ff659095e30574adcf32a4c2f97b5)  -> (artifact id: '0c30a57874969d38fa1fd2b8e16e819f') in 0.840488 seconds 
========================================================================
Received Import Request.
  Time since last request: 0.000258 seconds.
  path: Assets/TextMesh Pro/Shaders/TMP_SDF-Mobile Overlay.shader
  artifactKey: Guid(a02a7d8c237544f1962732b55a9aebf1) Importer(2089858483,934ff659095e30574adcf32a4c2f97b5)
Start importing Assets/TextMesh Pro/Shaders/TMP_SDF-Mobile Overlay.shader using Guid(a02a7d8c237544f1962732b55a9aebf1) Importer(2089858483,934ff659095e30574adcf32a4c2f97b5)  -> (artifact id: '508a7c92cf0901c85f3c86e7d1cc31e1') in 0.006626 seconds 
========================================================================
Received Import Request.
  Time since last request: 0.000213 seconds.
  path: Assets/Resources/Materials/Base/Graph/Graph URP GUI.mat
  artifactKey: Guid(1debc897d023e8d4bbeb47b2d118758d) Importer(2089858483,934ff659095e30574adcf32a4c2f97b5)
Start importing Assets/Resources/Materials/Base/Graph/Graph URP GUI.mat using Guid(1debc897d023e8d4bbeb47b2d118758d) Importer(2089858483,934ff659095e30574adcf32a4c2f97b5)  -> (artifact id: '220ae9891fbc866ae1dfbfc4aa497e4b') in 0.006067 seconds 
========================================================================
Received Import Request.
  Time since last request: 0.000187 seconds.
  path: Assets/Scripts/Base/ClockMove/ClockMove.cs
  artifactKey: Guid(ac4569b98b3c75446817dfa1a70710a4) Importer(2089858483,934ff659095e30574adcf32a4c2f97b5)
Start importing Assets/Scripts/Base/ClockMove/ClockMove.cs using Guid(ac4569b98b3c75446817dfa1a70710a4) Importer(2089858483,934ff659095e30574adcf32a4c2f97b5)  -> (artifact id: '451a3b3b35b9c79675a13386e77d1509') in 0.004931 seconds 
========================================================================
Received Import Request.
  Time since last request: 0.000195 seconds.
  path: Assets/TextMesh Pro/Documentation
  artifactKey: Guid(8e7e8f5a82a3a134e91c54efd2274ea9) Importer(2089858483,934ff659095e30574adcf32a4c2f97b5)
Start importing Assets/TextMesh Pro/Documentation using Guid(8e7e8f5a82a3a134e91c54efd2274ea9) Importer(2089858483,934ff659095e30574adcf32a4c2f97b5)  -> (artifact id: 'a67f0bdfd588b2324ebaa870ffe68db4') in 0.114315 seconds 
========================================================================
Received Import Request.
  Time since last request: 0.000195 seconds.
  path: Assets/TextMesh Pro/Shaders/TMP_SDF-Surface.shader
  artifactKey: Guid(f7ada0af4f174f0694ca6a487b8f543d) Importer(2089858483,934ff659095e30574adcf32a4c2f97b5)
Start importing Assets/TextMesh Pro/Shaders/TMP_SDF-Surface.shader using Guid(f7ada0af4f174f0694ca6a487b8f543d) Importer(2089858483,934ff659095e30574adcf32a4c2f97b5)  -> (artifact id: 'e7bb5410c12c3906a7050873f7769218') in 0.005423 seconds 
========================================================================
Received Import Request.
  Time since last request: 0.000254 seconds.
  path: Assets/Scenes/Move/SampleMove.unity
  artifactKey: Guid(151944e1248ecd8418a91a9f3446e738) Importer(2089858483,934ff659095e30574adcf32a4c2f97b5)
Start importing Assets/Scenes/Move/SampleMove.unity using Guid(151944e1248ecd8418a91a9f3446e738) Importer(2089858483,934ff659095e30574adcf32a4c2f97b5)  -> (artifact id: 'ba8f249c9ae8194cad9aebc4d31f023b') in 0.006058 seconds 
========================================================================
Received Import Request.
  Time since last request: 0.000171 seconds.
  path: Assets/Resources/Shaders/Base/Graph/PointSurfaceGpu.shader
  artifactKey: Guid(d75b8e9c70114684ebb6292840acfb22) Importer(2089858483,934ff659095e30574adcf32a4c2f97b5)
Start importing Assets/Resources/Shaders/Base/Graph/PointSurfaceGpu.shader using Guid(d75b8e9c70114684ebb6292840acfb22) Importer(2089858483,934ff659095e30574adcf32a4c2f97b5)  -> (artifact id: '5bd4e07558beb021545f3641377ed5de') in 0.007118 seconds 
========================================================================
Received Import Request.
  Time since last request: 0.000221 seconds.
  path: Assets/TextMesh Pro/Shaders/TMPro_Mobile.cginc
  artifactKey: Guid(c334973cef89a9840b0b0c507e0377ab) Importer(2089858483,934ff659095e30574adcf32a4c2f97b5)
Start importing Assets/TextMesh Pro/Shaders/TMPro_Mobile.cginc using Guid(c334973cef89a9840b0b0c507e0377ab) Importer(2089858483,934ff659095e30574adcf32a4c2f97b5)  -> (artifact id: '48041a518f34cf8023390a23a93b3b57') in 0.006862 seconds 
========================================================================
Received Import Request.
  Time since last request: 0.000294 seconds.
  path: Assets/TextMesh Pro/Resources/LineBreaking Leading Characters.txt
  artifactKey: Guid(d82c1b31c7e74239bff1220585707d2b) Importer(2089858483,934ff659095e30574adcf32a4c2f97b5)
Start importing Assets/TextMesh Pro/Resources/LineBreaking Leading Characters.txt using Guid(d82c1b31c7e74239bff1220585707d2b) Importer(2089858483,934ff659095e30574adcf32a4c2f97b5)  -> (artifact id: 'f332b0271e1b963c96f3bf5286ef2f9e') in 0.016862 seconds 
========================================================================
Received Import Request.
  Time since last request: 0.000439 seconds.
  path: Assets/Resources/Materials/Move/SampleMove
  artifactKey: Guid(0a3da5bacb6fa9344b58277c6ee8ea1b) Importer(2089858483,934ff659095e30574adcf32a4c2f97b5)
Start importing Assets/Resources/Materials/Move/SampleMove using Guid(0a3da5bacb6fa9344b58277c6ee8ea1b) Importer(2089858483,934ff659095e30574adcf32a4c2f97b5)  -> (artifact id: '7a76caeff4dd364cfa1a1b2755975cac') in 0.005660 seconds 
========================================================================
Received Import Request.
  Time since last request: 0.000391 seconds.
  path: Assets/Scripts/Base/Graph
  artifactKey: Guid(542c71ae92732ad4c9bbf4ad03265c92) Importer(2089858483,934ff659095e30574adcf32a4c2f97b5)
Start importing Assets/Scripts/Base/Graph using Guid(542c71ae92732ad4c9bbf4ad03265c92) Importer(2089858483,934ff659095e30574adcf32a4c2f97b5)  -> (artifact id: '5d817906a904929279dd613716a257f1') in 0.709460 seconds 
========================================================================
Received Import Request.
  Time since last request: 0.000162 seconds.
  path: Assets/Resources/Shaders/Move
  artifactKey: Guid(ba360447902ba5641b1045dbae5649f5) Importer(2089858483,934ff659095e30574adcf32a4c2f97b5)
Start importing Assets/Resources/Shaders/Move using Guid(ba360447902ba5641b1045dbae5649f5) Importer(2089858483,934ff659095e30574adcf32a4c2f97b5)  -> (artifact id: 'fc82fdd56937231616185554c9336c65') in 0.138508 seconds 
========================================================================
Received Import Request.
  Time since last request: 0.000153 seconds.
  path: Assets/Resources/Materials/Move/PushSphereAround
  artifactKey: Guid(1163f81830f5d2844aa99b75e342ec9f) Importer(2089858483,934ff659095e30574adcf32a4c2f97b5)
Start importing Assets/Resources/Materials/Move/PushSphereAround using Guid(1163f81830f5d2844aa99b75e342ec9f) Importer(2089858483,934ff659095e30574adcf32a4c2f97b5)  -> (artifact id: '4f259df39dc8364ec70db92153f9a3f7') in 0.005859 seconds 
========================================================================
Received Import Request.
  Time since last request: 0.000269 seconds.
  path: Assets/Resources/Shaders/Base/Graph
  artifactKey: Guid(f56cd6a5b159c1f448da42d5d9fbd34a) Importer(2089858483,934ff659095e30574adcf32a4c2f97b5)
Start importing Assets/Resources/Shaders/Base/Graph using Guid(f56cd6a5b159c1f448da42d5d9fbd34a) Importer(2089858483,934ff659095e30574adcf32a4c2f97b5)  -> (artifact id: '971ed4e1b245be34ca538935f4274d59') in 0.005629 seconds 
========================================================================
Received Import Request.
  Time since last request: 0.000327 seconds.
  path: Assets/TextMesh Pro/Fonts
  artifactKey: Guid(6ab70aee4d56447429c680537fbf93ed) Importer(2089858483,934ff659095e30574adcf32a4c2f97b5)
Start importing Assets/TextMesh Pro/Fonts using Guid(6ab70aee4d56447429c680537fbf93ed) Importer(2089858483,934ff659095e30574adcf32a4c2f97b5)  -> (artifact id: 'bef671e1622a4a163894e0a7b15f7693') in 0.006383 seconds 
========================================================================
Received Import Request.
  Time since last request: 0.000401 seconds.
  path: Assets/Resources/Materials/Base/Graph
  artifactKey: Guid(f96531a7805f3fa478081dc019207a40) Importer(2089858483,934ff659095e30574adcf32a4c2f97b5)
Start importing Assets/Resources/Materials/Base/Graph using Guid(f96531a7805f3fa478081dc019207a40) Importer(2089858483,934ff659095e30574adcf32a4c2f97b5)  -> (artifact id: 'b01720eb16fbf4f92b30310ded2d8083') in 0.006053 seconds 
========================================================================
Received Import Request.
  Time since last request: 0.000637 seconds.
  path: Assets/Scripts/ResolutionManager.cs
  artifactKey: Guid(224bf292d0ab23249a0ab61d5290931c) Importer(2089858483,934ff659095e30574adcf32a4c2f97b5)
Start importing Assets/Scripts/ResolutionManager.cs using Guid(224bf292d0ab23249a0ab61d5290931c) Importer(2089858483,934ff659095e30574adcf32a4c2f97b5)  -> (artifact id: 'a0942cacac275bba615086881b56c4ea') in 0.919791 seconds 
========================================================================
Received Import Request.
  Time since last request: 0.000235 seconds.
  path: Assets/Resources/Images/11.png
  artifactKey: Guid(c7e62425fc2abf642b0e6bd8216e8d92) Importer(2089858483,934ff659095e30574adcf32a4c2f97b5)
Start importing Assets/Resources/Images/11.png using Guid(c7e62425fc2abf642b0e6bd8216e8d92) Importer(2089858483,934ff659095e30574adcf32a4c2f97b5)  -> (artifact id: '6fd95404596d41c5b41f024ad948117d') in 0.977349 seconds 
========================================================================
Received Import Request.
  Time since last request: 0.000192 seconds.
  path: Assets/UniversalRenderPipelineAsset_Renderer.asset
  artifactKey: Guid(eb55d1f3b42944641827697611073842) Importer(2089858483,934ff659095e30574adcf32a4c2f97b5)
Start importing Assets/UniversalRenderPipelineAsset_Renderer.asset using Guid(eb55d1f3b42944641827697611073842) Importer(2089858483,934ff659095e30574adcf32a4c2f97b5)  -> (artifact id: 'bdc32120d31f0592a8b9e0d9cb00096d') in 0.006772 seconds 
========================================================================
Received Import Request.
  Time since last request: 0.000156 seconds.
  path: Assets/TextMesh Pro/Sprites/EmojiOne.png
  artifactKey: Guid(dffef66376be4fa480fb02b19edbe903) Importer(2089858483,934ff659095e30574adcf32a4c2f97b5)
Start importing Assets/TextMesh Pro/Sprites/EmojiOne.png using Guid(dffef66376be4fa480fb02b19edbe903) Importer(2089858483,934ff659095e30574adcf32a4c2f97b5)  -> (artifact id: '8dcc765220cd372b265a7a07c52f1abf') in 0.005020 seconds 
========================================================================
Received Import Request.
  Time since last request: 0.000190 seconds.
  path: Assets/Resources/Prefabs/Base/Graph
  artifactKey: Guid(b55a891506eee6d4291a20e1fee137d4) Importer(2089858483,934ff659095e30574adcf32a4c2f97b5)
Start importing Assets/Resources/Prefabs/Base/Graph using Guid(b55a891506eee6d4291a20e1fee137d4) Importer(2089858483,934ff659095e30574adcf32a4c2f97b5)  -> (artifact id: '6f246451da663bd5895778f16b7989c7') in 0.005763 seconds 
========================================================================
Received Import Request.
  Time since last request: 0.000163 seconds.
  path: Assets/TextMesh Pro/Sprites/EmojiOne Attribution.txt
  artifactKey: Guid(381dcb09d5029d14897e55f98031fca5) Importer(2089858483,934ff659095e30574adcf32a4c2f97b5)
Start importing Assets/TextMesh Pro/Sprites/EmojiOne Attribution.txt using Guid(381dcb09d5029d14897e55f98031fca5) Importer(2089858483,934ff659095e30574adcf32a4c2f97b5)  -> (artifact id: '064f2f7e4988070ee988157b54817528') in 0.005455 seconds 
========================================================================
Received Import Request.
  Time since last request: 0.000206 seconds.
  path: Assets/Scenes/Move
  artifactKey: Guid(1e90f693d10f96c4e81bbc69f8794fe0) Importer(2089858483,934ff659095e30574adcf32a4c2f97b5)
Start importing Assets/Scenes/Move using Guid(1e90f693d10f96c4e81bbc69f8794fe0) Importer(2089858483,934ff659095e30574adcf32a4c2f97b5)  -> (artifact id: '9e78c1e26d11362b9d2229ad2963f882') in 0.005428 seconds 
========================================================================
Received Import Request.
  Time since last request: 0.000256 seconds.
  path: Assets/Resources/Materials/Move/SampleMove/TrailMaterial_Red.mat
  artifactKey: Guid(becb22c9abb5f804ab0f42a7123a1aef) Importer(2089858483,934ff659095e30574adcf32a4c2f97b5)
Start importing Assets/Resources/Materials/Move/SampleMove/TrailMaterial_Red.mat using Guid(becb22c9abb5f804ab0f42a7123a1aef) Importer(2089858483,934ff659095e30574adcf32a4c2f97b5)  -> (artifact id: 'c3c5f59381b31d9575547278c23f110b') in 0.006093 seconds 
========================================================================
Received Import Request.
  Time since last request: 0.000216 seconds.
  path: Assets/TextMesh Pro/Documentation/TextMesh Pro User Guide 2016.pdf
  artifactKey: Guid(1b8d251f9af63b746bf2f7ffe00ebb9b) Importer(2089858483,934ff659095e30574adcf32a4c2f97b5)
Start importing Assets/TextMesh Pro/Documentation/TextMesh Pro User Guide 2016.pdf using Guid(1b8d251f9af63b746bf2f7ffe00ebb9b) Importer(2089858483,934ff659095e30574adcf32a4c2f97b5)  -> (artifact id: 'a95f413d9e723bb6acd94416b6dbd7e7') in 0.012348 seconds 
========================================================================
Received Import Request.
  Time since last request: 0.000258 seconds.
  path: Assets/TextMesh Pro/Resources/Fonts & Materials/LiberationSans SDF - Drop Shadow.mat
  artifactKey: Guid(e73a58f6e2794ae7b1b7e50b7fb811b0) Importer(2089858483,934ff659095e30574adcf32a4c2f97b5)
Start importing Assets/TextMesh Pro/Resources/Fonts & Materials/LiberationSans SDF - Drop Shadow.mat using Guid(e73a58f6e2794ae7b1b7e50b7fb811b0) Importer(2089858483,934ff659095e30574adcf32a4c2f97b5)  -> (artifact id: '3e0de21a7adca73fd5a6507bbbe6a8f1') in 0.007409 seconds 
========================================================================
Received Import Request.
  Time since last request: 0.000157 seconds.
  path: Assets/Resources/Shaders/Base/Graph/PointGPU.hlsl
  artifactKey: Guid(42caef9dfd7f5744b9a8c2c066af054b) Importer(2089858483,934ff659095e30574adcf32a4c2f97b5)
Start importing Assets/Resources/Shaders/Base/Graph/PointGPU.hlsl using Guid(42caef9dfd7f5744b9a8c2c066af054b) Importer(2089858483,934ff659095e30574adcf32a4c2f97b5)  -> (artifact id: '769cd3d139def1966bb56b10b95e910b') in 0.006271 seconds 
========================================================================
Received Import Request.
  Time since last request: 0.000260 seconds.
  path: Assets/TextMesh Pro/Resources/Fonts & Materials
  artifactKey: Guid(731f1baa9d144a9897cb1d341c2092b8) Importer(2089858483,934ff659095e30574adcf32a4c2f97b5)
Start importing Assets/TextMesh Pro/Resources/Fonts & Materials using Guid(731f1baa9d144a9897cb1d341c2092b8) Importer(2089858483,934ff659095e30574adcf32a4c2f97b5)  -> (artifact id: '678dc7bdc17912e4bee008cb94ce5ce6') in 0.008583 seconds 
========================================================================
Received Import Request.
  Time since last request: 0.000291 seconds.
  path: Assets/Scripts/Base/Graph/ScrollRolling.cs
  artifactKey: Guid(cbf24417341bff5498a6e8e599d75960) Importer(2089858483,934ff659095e30574adcf32a4c2f97b5)
Start importing Assets/Scripts/Base/Graph/ScrollRolling.cs using Guid(cbf24417341bff5498a6e8e599d75960) Importer(2089858483,934ff659095e30574adcf32a4c2f97b5)  -> (artifact id: 'd630dcdeaf2e9b15c747f89e8a72b87f') in 0.008411 seconds 
========================================================================
Received Import Request.
  Time since last request: 0.000302 seconds.
  path: Assets/TextMesh Pro/Fonts/LiberationSans - OFL.txt
  artifactKey: Guid(6e59c59b81ab47f9b6ec5781fa725d2c) Importer(2089858483,934ff659095e30574adcf32a4c2f97b5)
Start importing Assets/TextMesh Pro/Fonts/LiberationSans - OFL.txt using Guid(6e59c59b81ab47f9b6ec5781fa725d2c) Importer(2089858483,934ff659095e30574adcf32a4c2f97b5)  -> (artifact id: 'bd7f16ee264bbd3e091fb358023f36b9') in 0.821403 seconds 
========================================================================
Received Import Request.
  Time since last request: 0.000191 seconds.
  path: Assets/UniversalRenderPipelineAsset.asset
  artifactKey: Guid(dad8944bdd5a4fd47adc374f581b9db1) Importer(2089858483,934ff659095e30574adcf32a4c2f97b5)
Start importing Assets/UniversalRenderPipelineAsset.asset using Guid(dad8944bdd5a4fd47adc374f581b9db1) Importer(2089858483,934ff659095e30574adcf32a4c2f97b5)  -> (artifact id: '0f5f7ee36313ba109216b0287bd534ef') in 0.006870 seconds 
========================================================================
Received Import Request.
  Time since last request: 0.000233 seconds.
  path: Assets/Scripts/Base/Graph/FrameRateCounter.cs
  artifactKey: Guid(3ef6b1237f33b964c8be5cbac57a775c) Importer(2089858483,934ff659095e30574adcf32a4c2f97b5)
Start importing Assets/Scripts/Base/Graph/FrameRateCounter.cs using Guid(3ef6b1237f33b964c8be5cbac57a775c) Importer(2089858483,934ff659095e30574adcf32a4c2f97b5)  -> (artifact id: '3d7f6cb62f6c3c192ce06b3f0220872c') in 0.007048 seconds 
========================================================================
Received Import Request.
  Time since last request: 0.000315 seconds.
  path: Assets/Scripts/Base/Graph/GraphFunction.cs
  artifactKey: Guid(324351c8064109744b72aaaf8b4b780a) Importer(2089858483,934ff659095e30574adcf32a4c2f97b5)
Start importing Assets/Scripts/Base/Graph/GraphFunction.cs using Guid(324351c8064109744b72aaaf8b4b780a) Importer(2089858483,934ff659095e30574adcf32a4c2f97b5)  -> (artifact id: '9bfdae446854a76c0363067923d877a7') in 0.008056 seconds 
========================================================================
Received Import Request.
  Time since last request: 0.000363 seconds.
  path: Assets/Resources/Materials/Base/ClockMove/Minute Aim.mat
  artifactKey: Guid(9082555bf13c4b340b605f4965c88e3c) Importer(2089858483,934ff659095e30574adcf32a4c2f97b5)
Start importing Assets/Resources/Materials/Base/ClockMove/Minute Aim.mat using Guid(9082555bf13c4b340b605f4965c88e3c) Importer(2089858483,934ff659095e30574adcf32a4c2f97b5)  -> (artifact id: 'a16d8a4d162469e78a92db67ab3ab278') in 0.007917 seconds 
========================================================================
Received Import Request.
  Time since last request: 0.000289 seconds.
  path: Assets/Resources/Prefabs/Base
  artifactKey: Guid(a0b247c075bb6814eba8389939113b56) Importer(2089858483,934ff659095e30574adcf32a4c2f97b5)
Start importing Assets/Resources/Prefabs/Base using Guid(a0b247c075bb6814eba8389939113b56) Importer(2089858483,934ff659095e30574adcf32a4c2f97b5)  -> (artifact id: '0c731b188912d80f4de7500a623c68ba') in 0.008309 seconds 
========================================================================
Received Import Request.
  Time since last request: 0.000291 seconds.
  path: Assets/Scripts/Base/Graph/DrawGraph.cs
  artifactKey: Guid(227a9c56a0a261242a187cd404a9937e) Importer(2089858483,934ff659095e30574adcf32a4c2f97b5)
Start importing Assets/Scripts/Base/Graph/DrawGraph.cs using Guid(227a9c56a0a261242a187cd404a9937e) Importer(2089858483,934ff659095e30574adcf32a4c2f97b5)  -> (artifact id: '4381abedd1e0f34c776993b927f01aea') in 0.006455 seconds 
========================================================================
Received Import Request.
  Time since last request: 0.000402 seconds.
  path: Assets/Scripts/Base/Graph/Image.prefab
  artifactKey: Guid(24226cad5b37e0b458daed547f457011) Importer(2089858483,934ff659095e30574adcf32a4c2f97b5)
Start importing Assets/Scripts/Base/Graph/Image.prefab using Guid(24226cad5b37e0b458daed547f457011) Importer(2089858483,934ff659095e30574adcf32a4c2f97b5)  -> (artifact id: 'cc4512cb91563fb3389adf06e5970c41') in 0.009097 seconds 
========================================================================
Received Import Request.
  Time since last request: 0.000486 seconds.
  path: Assets/TextMesh Pro/Resources/TMP Settings.asset
  artifactKey: Guid(3f5b5dff67a942289a9defa416b206f3) Importer(2089858483,934ff659095e30574adcf32a4c2f97b5)
Start importing Assets/TextMesh Pro/Resources/TMP Settings.asset using Guid(3f5b5dff67a942289a9defa416b206f3) Importer(2089858483,934ff659095e30574adcf32a4c2f97b5)  -> (artifact id: '45ae7cf47365d71d933d3e39d683273a') in 0.036567 seconds 
========================================================================
Received Import Request.
  Time since last request: 0.000658 seconds.
  path: Assets/TextMesh Pro/Shaders/TMP_SDF-Mobile Masking.shader
  artifactKey: Guid(bc1ede39bf3643ee8e493720e4259791) Importer(2089858483,934ff659095e30574adcf32a4c2f97b5)
Start importing Assets/TextMesh Pro/Shaders/TMP_SDF-Mobile Masking.shader using Guid(bc1ede39bf3643ee8e493720e4259791) Importer(2089858483,934ff659095e30574adcf32a4c2f97b5)  -> (artifact id: '9d47ee0477f48b33ad1904ac84ebf562') in 0.007361 seconds 
========================================================================
Received Import Request.
  Time since last request: 0.000445 seconds.
  path: Assets/TextMesh Pro/Shaders/TMP_SDF-Mobile SSD.shader
  artifactKey: Guid(c8d12adcee749c344b8117cf7c7eb912) Importer(2089858483,934ff659095e30574adcf32a4c2f97b5)
Start importing Assets/TextMesh Pro/Shaders/TMP_SDF-Mobile SSD.shader using Guid(c8d12adcee749c344b8117cf7c7eb912) Importer(2089858483,934ff659095e30574adcf32a4c2f97b5)  -> (artifact id: '31288bacd9088556771e57ecb3ebaaa2') in 0.928920 seconds 
========================================================================
Received Import Request.
  Time since last request: 0.000184 seconds.
  path: Assets/Resources/Materials/Move/PushSphereAround/SphereMat.physicMaterial
  artifactKey: Guid(61c7d6f451f0b4143907677ccd1a899c) Importer(2089858483,934ff659095e30574adcf32a4c2f97b5)
Start importing Assets/Resources/Materials/Move/PushSphereAround/SphereMat.physicMaterial using Guid(61c7d6f451f0b4143907677ccd1a899c) Importer(2089858483,934ff659095e30574adcf32a4c2f97b5)  -> (artifact id: '4a3f532d406ca54fe09f09969f821957') in 0.008578 seconds 
========================================================================
Received Import Request.
  Time since last request: 0.000320 seconds.
  path: Assets/TextMesh Pro/Resources/LineBreaking Following Characters.txt
  artifactKey: Guid(fade42e8bc714b018fac513c043d323b) Importer(2089858483,934ff659095e30574adcf32a4c2f97b5)
Start importing Assets/TextMesh Pro/Resources/LineBreaking Following Characters.txt using Guid(fade42e8bc714b018fac513c043d323b) Importer(2089858483,934ff659095e30574adcf32a4c2f97b5)  -> (artifact id: '07496bdacfb0677fcf615d19c6e94a8d') in 0.895019 seconds 
========================================================================
Received Import Request.
  Time since last request: 0.000207 seconds.
  path: Assets/Scripts/Move/SampleMove
  artifactKey: Guid(c4abbef8a97044c479e9861ce7bc6c5d) Importer(2089858483,934ff659095e30574adcf32a4c2f97b5)
Start importing Assets/Scripts/Move/SampleMove using Guid(c4abbef8a97044c479e9861ce7bc6c5d) Importer(2089858483,934ff659095e30574adcf32a4c2f97b5)  -> (artifact id: '843f2198a16e32840498ccbd41e0e2b5') in 0.004900 seconds 
========================================================================
Received Import Request.
  Time since last request: 0.000178 seconds.
  path: Assets/Resources/Prefabs/Base/Fractal
  artifactKey: Guid(8100e423c2edbf14eb72f4ad08be2e72) Importer(2089858483,934ff659095e30574adcf32a4c2f97b5)
Start importing Assets/Resources/Prefabs/Base/Fractal using Guid(8100e423c2edbf14eb72f4ad08be2e72) Importer(2089858483,934ff659095e30574adcf32a4c2f97b5)  -> (artifact id: '3b3d5225f3bb9e230334591f55a4b21b') in 0.005406 seconds 
========================================================================
Received Import Request.
  Time since last request: 0.000144 seconds.
  path: Assets/Resources/Materials/Move/SampleMove/BlackBall.mat
  artifactKey: Guid(ffce8bc2dbb886a438d873a7bd43b19e) Importer(2089858483,934ff659095e30574adcf32a4c2f97b5)
Start importing Assets/Resources/Materials/Move/SampleMove/BlackBall.mat using Guid(ffce8bc2dbb886a438d873a7bd43b19e) Importer(2089858483,934ff659095e30574adcf32a4c2f97b5)  -> (artifact id: 'd189317c4dd66c4772224e30c1a7f6e7') in 0.005852 seconds 
========================================================================
Received Import Request.
  Time since last request: 0.000140 seconds.
  path: Assets/Scripts/Base/Graph/GraphEnum.cs
  artifactKey: Guid(daa4d20f8441e174eaee795d1b47b6e0) Importer(2089858483,934ff659095e30574adcf32a4c2f97b5)
Start importing Assets/Scripts/Base/Graph/GraphEnum.cs using Guid(daa4d20f8441e174eaee795d1b47b6e0) Importer(2089858483,934ff659095e30574adcf32a4c2f97b5)  -> (artifact id: '7486ca14e0761defeefb884d6c182628') in 0.006006 seconds 
========================================================================
Received Import Request.
  Time since last request: 0.000757 seconds.
  path: Assets/Resources/Materials/Base/Graph/GraphGpu.mat
  artifactKey: Guid(86630d3857ff2c1499ef6b77af7cee47) Importer(2089858483,934ff659095e30574adcf32a4c2f97b5)
Start importing Assets/Resources/Materials/Base/Graph/GraphGpu.mat using Guid(86630d3857ff2c1499ef6b77af7cee47) Importer(2089858483,934ff659095e30574adcf32a4c2f97b5)  -> (artifact id: 'fd7ffc47745396d4140d815005c0e87b') in 0.006889 seconds 
========================================================================
Received Import Request.
  Time since last request: 0.000298 seconds.
  path: Assets/Resources/Prefabs/Base/Graph/Point.prefab
  artifactKey: Guid(89cfcc38e987daf47ad42d34ce4317ba) Importer(2089858483,934ff659095e30574adcf32a4c2f97b5)
Start importing Assets/Resources/Prefabs/Base/Graph/Point.prefab using Guid(89cfcc38e987daf47ad42d34ce4317ba) Importer(2089858483,934ff659095e30574adcf32a4c2f97b5)  -> (artifact id: 'd74cdbc592366654f4ed1a13c28327c3') in 0.006491 seconds 
========================================================================
Received Import Request.
  Time since last request: 0.000380 seconds.
  path: Assets/TextMesh Pro/Sprites/EmojiOne.json
  artifactKey: Guid(8f05276190cf498a8153f6cbe761d4e6) Importer(2089858483,934ff659095e30574adcf32a4c2f97b5)
Start importing Assets/TextMesh Pro/Sprites/EmojiOne.json using Guid(8f05276190cf498a8153f6cbe761d4e6) Importer(2089858483,934ff659095e30574adcf32a4c2f97b5)  -> (artifact id: 'c89b7eea5dbac56ab082d072449106b9') in 0.015114 seconds 
========================================================================
Received Import Request.
  Time since last request: 0.000320 seconds.
  path: Assets/Scripts/Test.cs
  artifactKey: Guid(ca32cdf76ecf7da41a379f695ba680e5) Importer(2089858483,934ff659095e30574adcf32a4c2f97b5)
Start importing Assets/Scripts/Test.cs using Guid(ca32cdf76ecf7da41a379f695ba680e5) Importer(2089858483,934ff659095e30574adcf32a4c2f97b5)  -> (artifact id: '9239cf37c04dd8f26e1aa32990e4a57d') in 0.007077 seconds 
========================================================================
Received Import Request.
  Time since last request: 0.000678 seconds.
  path: Assets/TextMesh Pro/Resources/Style Sheets/Default Style Sheet.asset
  artifactKey: Guid(f952c082cb03451daed3ee968ac6c63e) Importer(2089858483,934ff659095e30574adcf32a4c2f97b5)
Start importing Assets/TextMesh Pro/Resources/Style Sheets/Default Style Sheet.asset using Guid(f952c082cb03451daed3ee968ac6c63e) Importer(2089858483,934ff659095e30574adcf32a4c2f97b5)  -> (artifact id: '9df271f3a5827d763030acbd2b66c65a') in 0.007814 seconds 
========================================================================
Received Import Request.
  Time since last request: 0.000409 seconds.
  path: Assets/TextMesh Pro/Shaders/TMP_Sprite.shader
  artifactKey: Guid(cf81c85f95fe47e1a27f6ae460cf182c) Importer(2089858483,934ff659095e30574adcf32a4c2f97b5)
Start importing Assets/TextMesh Pro/Shaders/TMP_Sprite.shader using Guid(cf81c85f95fe47e1a27f6ae460cf182c) Importer(2089858483,934ff659095e30574adcf32a4c2f97b5)  -> (artifact id: '51bf8de03b625d9ce3c22f2c18a77e80') in 0.640356 seconds 
========================================================================
Received Import Request.
  Time since last request: 0.000197 seconds.
  path: Assets/Resources/Prefabs/Move
  artifactKey: Guid(fb7d0f2f91a39734cb411303690a7f98) Importer(2089858483,934ff659095e30574adcf32a4c2f97b5)
Start importing Assets/Resources/Prefabs/Move using Guid(fb7d0f2f91a39734cb411303690a7f98) Importer(2089858483,934ff659095e30574adcf32a4c2f97b5)  -> (artifact id: '718f7217c790b5ecb864d0295aa7d72f') in 0.004898 seconds 
========================================================================
Received Import Request.
  Time since last request: 0.000166 seconds.
  path: Assets/Resources/Shaders/Base/Graph/Point Surface.shader
  artifactKey: Guid(b9f0b63a7ce0f0646bee375c8e9240e9) Importer(2089858483,934ff659095e30574adcf32a4c2f97b5)
Start importing Assets/Resources/Shaders/Base/Graph/Point Surface.shader using Guid(b9f0b63a7ce0f0646bee375c8e9240e9) Importer(2089858483,934ff659095e30574adcf32a4c2f97b5)  -> (artifact id: 'f0ae88ffceb20f7eb638ad8a2cc158f7') in 0.005738 seconds 
========================================================================
Received Import Request.
  Time since last request: 0.000141 seconds.
  path: Assets/TextMesh Pro/Shaders/TMP_SDF SSD.shader
  artifactKey: Guid(14eb328de4b8eb245bb7cea29e4ac00b) Importer(2089858483,934ff659095e30574adcf32a4c2f97b5)
Start importing Assets/TextMesh Pro/Shaders/TMP_SDF SSD.shader using Guid(14eb328de4b8eb245bb7cea29e4ac00b) Importer(2089858483,934ff659095e30574adcf32a4c2f97b5)  -> (artifact id: '60fa6324f87d81572b0dc1fd7010ff59') in 0.005445 seconds 
========================================================================
Received Import Request.
  Time since last request: 0.000154 seconds.
  path: Assets/TextMesh Pro/Shaders/TMP_Bitmap-Mobile.shader
  artifactKey: Guid(1e3b057af24249748ff873be7fafee47) Importer(2089858483,934ff659095e30574adcf32a4c2f97b5)
Start importing Assets/TextMesh Pro/Shaders/TMP_Bitmap-Mobile.shader using Guid(1e3b057af24249748ff873be7fafee47) Importer(2089858483,934ff659095e30574adcf32a4c2f97b5)  -> (artifact id: '4a4cc9bf0304adfe178e70640b37815d') in 0.006070 seconds 
========================================================================
Received Import Request.
  Time since last request: 0.000144 seconds.
  path: Assets/Scripts/Base/Fractal/Fractal.cs
  artifactKey: Guid(8eb40672c50d9a54eb8fb61cd7cc5613) Importer(2089858483,934ff659095e30574adcf32a4c2f97b5)
Start importing Assets/Scripts/Base/Fractal/Fractal.cs using Guid(8eb40672c50d9a54eb8fb61cd7cc5613) Importer(2089858483,934ff659095e30574adcf32a4c2f97b5)  -> (artifact id: '3da99673ddff04aad3461195a93d4e7f') in 0.004943 seconds 
========================================================================
Received Import Request.
  Time since last request: 0.000158 seconds.
  path: Assets/Resources/Shaders/Base/Graph/Point PBR.shadergraph
  artifactKey: Guid(c1cc4bf03dd69484d97c4ae306d23d5f) Importer(2089858483,934ff659095e30574adcf32a4c2f97b5)
Start importing Assets/Resources/Shaders/Base/Graph/Point PBR.shadergraph using Guid(c1cc4bf03dd69484d97c4ae306d23d5f) Importer(2089858483,934ff659095e30574adcf32a4c2f97b5)  -> (artifact id: '278756f723187d52b277e3ed3449c609') in 0.006742 seconds 
========================================================================
Received Import Request.
  Time since last request: 0.000171 seconds.
  path: Assets/Scripts/Move/SampleMove/MoveSphere.cs
  artifactKey: Guid(650849f0ca93ced4a8a584f69e659ab5) Importer(2089858483,934ff659095e30574adcf32a4c2f97b5)
Start importing Assets/Scripts/Move/SampleMove/MoveSphere.cs using Guid(650849f0ca93ced4a8a584f69e659ab5) Importer(2089858483,934ff659095e30574adcf32a4c2f97b5)  -> (artifact id: '492f8f856a40de8d1fdff1121670af52') in 0.005189 seconds 
========================================================================
Received Import Request.
  Time since last request: 0.000169 seconds.
  path: Assets/Resources/Materials/Base
  artifactKey: Guid(54743e2a4c764d948871487076c217c2) Importer(2089858483,934ff659095e30574adcf32a4c2f97b5)
Start importing Assets/Resources/Materials/Base using Guid(54743e2a4c764d948871487076c217c2) Importer(2089858483,934ff659095e30574adcf32a4c2f97b5)  -> (artifact id: '3d28ad2d6c9e7fc6146a6909d38fdd18') in 0.005197 seconds 
========================================================================
Received Import Request.
  Time since last request: 0.000183 seconds.
  path: Assets/Scripts/Base
  artifactKey: Guid(524e3358e8d2b5441960b6429fad2396) Importer(2089858483,934ff659095e30574adcf32a4c2f97b5)
Start importing Assets/Scripts/Base using Guid(524e3358e8d2b5441960b6429fad2396) Importer(2089858483,934ff659095e30574adcf32a4c2f97b5)  -> (artifact id: 'ffa5d92159d89ee23fdb0bda8bd2af4d') in 0.805863 seconds 
========================================================================
Received Import Request.
  Time since last request: 0.000208 seconds.
  path: Assets/Resources/Shaders/Base
  artifactKey: Guid(a0cce63ab9659674d983c6aab4b5b5e6) Importer(2089858483,934ff659095e30574adcf32a4c2f97b5)
Start importing Assets/Resources/Shaders/Base using Guid(a0cce63ab9659674d983c6aab4b5b5e6) Importer(2089858483,934ff659095e30574adcf32a4c2f97b5)  -> (artifact id: 'f93d8250f70f2a28016e051743f2dd11') in 0.005660 seconds 
========================================================================
Received Import Request.
  Time since last request: 0.000223 seconds.
  path: Assets/Scenes/Base/Fractal.unity
  artifactKey: Guid(2bf07f61d218d5f4baa13e9200eb993b) Importer(2089858483,934ff659095e30574adcf32a4c2f97b5)
Start importing Assets/Scenes/Base/Fractal.unity using Guid(2bf07f61d218d5f4baa13e9200eb993b) Importer(2089858483,934ff659095e30574adcf32a4c2f97b5)  -> (artifact id: '896b4ccbe4d3f0ec1c2ab8b6e29d3465') in 0.005945 seconds 
========================================================================
Received Import Request.
  Time since last request: 0.000268 seconds.
  path: Assets/TextMesh Pro/Shaders/TMP_SDF Overlay.shader
  artifactKey: Guid(dd89cf5b9246416f84610a006f916af7) Importer(2089858483,934ff659095e30574adcf32a4c2f97b5)
Start importing Assets/TextMesh Pro/Shaders/TMP_SDF Overlay.shader using Guid(dd89cf5b9246416f84610a006f916af7) Importer(2089858483,934ff659095e30574adcf32a4c2f97b5)  -> (artifact id: 'c530926ac8d47a53c9027db9430f4e1c') in 0.006620 seconds 
========================================================================
Received Import Request.
  Time since last request: 0.000423 seconds.
  path: Assets/TextMesh Pro/Sprites
  artifactKey: Guid(d0603b6d5186471b96c778c3949c7ce2) Importer(2089858483,934ff659095e30574adcf32a4c2f97b5)
Start importing Assets/TextMesh Pro/Sprites using Guid(d0603b6d5186471b96c778c3949c7ce2) Importer(2089858483,934ff659095e30574adcf32a4c2f97b5)  -> (artifact id: 'fe0f801b62cc1d165f38c77a60bb2fff') in 0.007038 seconds 
========================================================================
Received Import Request.
  Time since last request: 0.000400 seconds.
  path: Assets/TextMesh Pro/Resources/Fonts & Materials/LiberationSans SDF.asset
  artifactKey: Guid(8f586378b4e144a9851e7b34d9b748ee) Importer(2089858483,934ff659095e30574adcf32a4c2f97b5)
Start importing Assets/TextMesh Pro/Resources/Fonts & Materials/LiberationSans SDF.asset using Guid(8f586378b4e144a9851e7b34d9b748ee) Importer(2089858483,934ff659095e30574adcf32a4c2f97b5)  -> (artifact id: 'cd3a8ef06abbe5e3913ff62459f8bdab') in 0.031687 seconds 
========================================================================
Received Import Request.
  Time since last request: 0.000293 seconds.
  path: Assets/Resources/Materials/Base/ClockMove/Hour Indicator_12.mat
  artifactKey: Guid(a41d1b8e9de630242ba859caf623051b) Importer(2089858483,934ff659095e30574adcf32a4c2f97b5)
Start importing Assets/Resources/Materials/Base/ClockMove/Hour Indicator_12.mat using Guid(a41d1b8e9de630242ba859caf623051b) Importer(2089858483,934ff659095e30574adcf32a4c2f97b5)  -> (artifact id: '737ebb2bc9b6aac886cef07382236d4c') in 0.006100 seconds 
========================================================================
Received Import Request.
  Time since last request: 0.000289 seconds.
  path: Assets/Scripts/Base/Fractal
  artifactKey: Guid(e8da60130b5387c47bc12a38ff87b887) Importer(2089858483,934ff659095e30574adcf32a4c2f97b5)
Start importing Assets/Scripts/Base/Fractal using Guid(e8da60130b5387c47bc12a38ff87b887) Importer(2089858483,934ff659095e30574adcf32a4c2f97b5)  -> (artifact id: 'bd1de57d2f9a641c0795ecb8c087cc5c') in 0.822209 seconds 
========================================================================
Received Import Request.
  Time since last request: 0.000171 seconds.
  path: Assets/Resources/Materials/Base/ClockMove/Hour Indicator.mat
  artifactKey: Guid(a7f705c507081e4448f226e535c681f2) Importer(2089858483,934ff659095e30574adcf32a4c2f97b5)
Start importing Assets/Resources/Materials/Base/ClockMove/Hour Indicator.mat using Guid(a7f705c507081e4448f226e535c681f2) Importer(2089858483,934ff659095e30574adcf32a4c2f97b5)  -> (artifact id: 'a1d63510bf743b2424d6f106b1966bb5') in 0.006044 seconds 
========================================================================
Received Prepare
Registering precompiled user dll's ...
Registered in 0.006039 seconds.
Begin MonoManager ReloadAssembly
Symbol file LoadedFromMemory doesn't match image F:\Unity\CatLike_\CatLike\Library\PackageCache\com.unity.visualscripting@1.6.1\Editor\VisualScripting.Core\Dependencies\YamlDotNet\Unity.VisualScripting.YamlDotNet.dll
Symbol file LoadedFromMemory doesn't match image F:\Unity\CatLike_\CatLike\Library\PackageCache\com.unity.visualscripting@1.6.1\Editor\VisualScripting.Core\Dependencies\DotNetZip\Unity.VisualScripting.IonicZip.dll
Native extension for WindowsStandalone target not found
Refreshing native plugins compatible for Editor in 0.78 ms, found 3 plugins.
Preloading 0 native plugins for Editor in 0.00 ms.
Mono: successfully reloaded assembly
- Completed reload, in  1.268 seconds
Domain Reload Profiling:
	ReloadAssembly (1269ms)
		BeginReloadAssembly (226ms)
			ExecutionOrderSort (0ms)
			DisableScriptedObjects (12ms)
			BackupInstance (0ms)
			ReleaseScriptingObjects (0ms)
			CreateAndSetChildDomain (111ms)
		EndReloadAssembly (989ms)
			LoadAssemblies (104ms)
			RebuildTransferFunctionScriptingTraits (0ms)
			SetupTypeCache (384ms)
			ReleaseScriptCaches (2ms)
			RebuildScriptCaches (51ms)
			SetupLoadedEditorAssemblies (330ms)
				LogAssemblyErrors (0ms)
				InitializePlatformSupportModulesInManaged (5ms)
				SetLoadedEditorAssemblies (0ms)
				RefreshPlugins (1ms)
				BeforeProcessingInitializeOnLoad (68ms)
				ProcessInitializeOnLoadAttributes (249ms)
				ProcessInitializeOnLoadMethodAttributes (4ms)
				AfterProcessingInitializeOnLoad (2ms)
				EditorAssembliesLoaded (0ms)
			ExecutionOrderSort2 (0ms)
			AwakeInstancesAfterBackupRestoration (10ms)
Platform modules already initialized, skipping
Switching build target platform(19) subTarget(0) extendedPlatform(0) -> platform(13) subTarget(537395200) extendedPlatform(0)
Refreshing native plugins compatible for Editor in 0.86 ms, found 3 plugins.
Preloading 0 native plugins for Editor in 0.00 ms.
Unloading 4599 Unused Serialized files (Serialized files now loaded: 0)
System memory in use before: 179.0 MB.
System memory in use after: 174.9 MB.

Unloading 77 unused Assets to reduce memory usage. Loaded Objects now: 5038.
Total: 5.603000 ms (FindLiveObjects: 0.469000 ms CreateObjectMapping: 0.396200 ms MarkObjects: 2.943300 ms  DeleteObjects: 1.792700 ms)

AssetImportParameters requested are different than current active one (requested -> active):
  custom:framework-win-MediaFoundation: 216162199b28c13a410421893ffa2e32 -> 
  custom:video-decoder-ogg-theora: a1e56fd34408186e4bbccfd4996cb3dc -> 
  custom:container-muxer-webm: aa71ff27fc2769a1b78a27578f13a17b -> 
  custom:container-demuxer-webm: 4f35f7cbe854078d1ac9338744f61a02 -> 
  custom:container-demuxer-ogg: 62fdf1f143b41e24485cea50d1cbac27 -> 
  custom:video-encoder-webm-vp8: eb34c28f22e8b96e1ab97ce403110664 -> 
  custom:video-decoder-webm-vp8: 9c59270c3fd7afecdb556c50c9e8de78 -> 
  custom:graphics/normal-map-encoding: 01000000000000000000000000000000 -> 02000000000000000000000000000000
  custom:audio-decoder-ogg-vorbis: bf7c407c2cedff20999df2af8eb42d56 -> 
  custom:audio-encoder-webm-vorbis: bf7c407c2cedff20999df2af8eb42d56 -> 
========================================================================
Received Prepare
Registering precompiled user dll's ...
Registered in 0.059181 seconds.
Begin MonoManager ReloadAssembly
Symbol file LoadedFromMemory doesn't match image F:\Unity\CatLike_\CatLike\Library\PackageCache\com.unity.visualscripting@1.6.1\Editor\VisualScripting.Core\Dependencies\YamlDotNet\Unity.VisualScripting.YamlDotNet.dll
Symbol file LoadedFromMemory doesn't match image F:\Unity\CatLike_\CatLike\Library\PackageCache\com.unity.visualscripting@1.6.1\Editor\VisualScripting.Core\Dependencies\DotNetZip\Unity.VisualScripting.IonicZip.dll
Native extension for WindowsStandalone target not found
Refreshing native plugins compatible for Editor in 0.78 ms, found 3 plugins.
Preloading 0 native plugins for Editor in 0.00 ms.
Mono: successfully reloaded assembly
- Completed reload, in  1.077 seconds
Domain Reload Profiling:
	ReloadAssembly (1078ms)
		BeginReloadAssembly (133ms)
			ExecutionOrderSort (0ms)
			DisableScriptedObjects (4ms)
			BackupInstance (0ms)
			ReleaseScriptingObjects (0ms)
			CreateAndSetChildDomain (39ms)
		EndReloadAssembly (898ms)
			LoadAssemblies (87ms)
			RebuildTransferFunctionScriptingTraits (0ms)
			SetupTypeCache (336ms)
			ReleaseScriptCaches (2ms)
			RebuildScriptCaches (44ms)
			SetupLoadedEditorAssemblies (295ms)
				LogAssemblyErrors (0ms)
				InitializePlatformSupportModulesInManaged (4ms)
				SetLoadedEditorAssemblies (0ms)
				RefreshPlugins (1ms)
				BeforeProcessingInitializeOnLoad (63ms)
				ProcessInitializeOnLoadAttributes (221ms)
				ProcessInitializeOnLoadMethodAttributes (4ms)
				AfterProcessingInitializeOnLoad (2ms)
				EditorAssembliesLoaded (0ms)
			ExecutionOrderSort2 (0ms)
			AwakeInstancesAfterBackupRestoration (8ms)
Platform modules already initialized, skipping
Switching build target platform(19) subTarget(0) extendedPlatform(0) -> platform(13) subTarget(537395200) extendedPlatform(0)
Refreshing native plugins compatible for Editor in 1.25 ms, found 3 plugins.
Preloading 0 native plugins for Editor in 0.00 ms.
Unloading 4597 Unused Serialized files (Serialized files now loaded: 0)
System memory in use before: 179.0 MB.
System memory in use after: 174.9 MB.

Unloading 75 unused Assets to reduce memory usage. Loaded Objects now: 5041.
Total: 5.039800 ms (FindLiveObjects: 0.396200 ms CreateObjectMapping: 0.237300 ms MarkObjects: 2.906800 ms  DeleteObjects: 1.498100 ms)

AssetImportParameters requested are different than current active one (requested -> active):
  custom:framework-win-MediaFoundation: 216162199b28c13a410421893ffa2e32 -> 
  custom:video-decoder-ogg-theora: a1e56fd34408186e4bbccfd4996cb3dc -> 
  custom:container-muxer-webm: aa71ff27fc2769a1b78a27578f13a17b -> 
  custom:container-demuxer-webm: 4f35f7cbe854078d1ac9338744f61a02 -> 
  custom:container-demuxer-ogg: 62fdf1f143b41e24485cea50d1cbac27 -> 
  custom:video-encoder-webm-vp8: eb34c28f22e8b96e1ab97ce403110664 -> 
  custom:video-decoder-webm-vp8: 9c59270c3fd7afecdb556c50c9e8de78 -> 
  custom:graphics/normal-map-encoding: 01000000000000000000000000000000 -> 02000000000000000000000000000000
  custom:audio-decoder-ogg-vorbis: bf7c407c2cedff20999df2af8eb42d56 -> 
  custom:audio-encoder-webm-vorbis: bf7c407c2cedff20999df2af8eb42d56 -> 
========================================================================
Received Prepare
Registering precompiled user dll's ...
Registered in 0.006297 seconds.
Begin MonoManager ReloadAssembly
Symbol file LoadedFromMemory doesn't match image F:\Unity\CatLike_\CatLike\Library\PackageCache\com.unity.visualscripting@1.6.1\Editor\VisualScripting.Core\Dependencies\YamlDotNet\Unity.VisualScripting.YamlDotNet.dll
Symbol file LoadedFromMemory doesn't match image F:\Unity\CatLike_\CatLike\Library\PackageCache\com.unity.visualscripting@1.6.1\Editor\VisualScripting.Core\Dependencies\DotNetZip\Unity.VisualScripting.IonicZip.dll
Native extension for WindowsStandalone target not found
Refreshing native plugins compatible for Editor in 0.95 ms, found 3 plugins.
Preloading 0 native plugins for Editor in 0.00 ms.
Mono: successfully reloaded assembly
- Completed reload, in  1.094 seconds
Domain Reload Profiling:
	ReloadAssembly (1094ms)
		BeginReloadAssembly (138ms)
			ExecutionOrderSort (0ms)
			DisableScriptedObjects (6ms)
			BackupInstance (0ms)
			ReleaseScriptingObjects (0ms)
			CreateAndSetChildDomain (48ms)
		EndReloadAssembly (897ms)
			LoadAssemblies (99ms)
			RebuildTransferFunctionScriptingTraits (0ms)
			SetupTypeCache (339ms)
			ReleaseScriptCaches (2ms)
			RebuildScriptCaches (48ms)
			SetupLoadedEditorAssemblies (305ms)
				LogAssemblyErrors (0ms)
				InitializePlatformSupportModulesInManaged (4ms)
				SetLoadedEditorAssemblies (1ms)
				RefreshPlugins (1ms)
				BeforeProcessingInitializeOnLoad (65ms)
				ProcessInitializeOnLoadAttributes (227ms)
				ProcessInitializeOnLoadMethodAttributes (4ms)
				AfterProcessingInitializeOnLoad (2ms)
				EditorAssembliesLoaded (0ms)
			ExecutionOrderSort2 (0ms)
			AwakeInstancesAfterBackupRestoration (8ms)
Platform modules already initialized, skipping
Switching build target platform(19) subTarget(0) extendedPlatform(0) -> platform(13) subTarget(537395200) extendedPlatform(0)
Refreshing native plugins compatible for Editor in 0.76 ms, found 3 plugins.
Preloading 0 native plugins for Editor in 0.00 ms.
Unloading 4597 Unused Serialized files (Serialized files now loaded: 0)
System memory in use before: 178.9 MB.
System memory in use after: 174.7 MB.

Unloading 75 unused Assets to reduce memory usage. Loaded Objects now: 5044.
Total: 4.305100 ms (FindLiveObjects: 0.430200 ms CreateObjectMapping: 0.322100 ms MarkObjects: 2.047300 ms  DeleteObjects: 1.504700 ms)

AssetImportParameters requested are different than current active one (requested -> active):
  custom:framework-win-MediaFoundation: 216162199b28c13a410421893ffa2e32 -> 
  custom:video-decoder-ogg-theora: a1e56fd34408186e4bbccfd4996cb3dc -> 
  custom:container-muxer-webm: aa71ff27fc2769a1b78a27578f13a17b -> 
  custom:container-demuxer-webm: 4f35f7cbe854078d1ac9338744f61a02 -> 
  custom:container-demuxer-ogg: 62fdf1f143b41e24485cea50d1cbac27 -> 
  custom:video-encoder-webm-vp8: eb34c28f22e8b96e1ab97ce403110664 -> 
  custom:video-decoder-webm-vp8: 9c59270c3fd7afecdb556c50c9e8de78 -> 
  custom:graphics/normal-map-encoding: 01000000000000000000000000000000 -> 02000000000000000000000000000000
  custom:audio-decoder-ogg-vorbis: bf7c407c2cedff20999df2af8eb42d56 -> 
  custom:audio-encoder-webm-vorbis: bf7c407c2cedff20999df2af8eb42d56 -> 
========================================================================
Received Prepare
Registering precompiled user dll's ...
Registered in 0.006142 seconds.
Begin MonoManager ReloadAssembly
Symbol file LoadedFromMemory doesn't match image F:\Unity\CatLike_\CatLike\Library\PackageCache\com.unity.visualscripting@1.6.1\Editor\VisualScripting.Core\Dependencies\YamlDotNet\Unity.VisualScripting.YamlDotNet.dll
Symbol file LoadedFromMemory doesn't match image F:\Unity\CatLike_\CatLike\Library\PackageCache\com.unity.visualscripting@1.6.1\Editor\VisualScripting.Core\Dependencies\DotNetZip\Unity.VisualScripting.IonicZip.dll
Native extension for WindowsStandalone target not found
Refreshing native plugins compatible for Editor in 1.24 ms, found 3 plugins.
Preloading 0 native plugins for Editor in 0.00 ms.
Mono: successfully reloaded assembly
- Completed reload, in  1.002 seconds
Domain Reload Profiling:
	ReloadAssembly (1003ms)
		BeginReloadAssembly (123ms)
			ExecutionOrderSort (0ms)
			DisableScriptedObjects (4ms)
			BackupInstance (0ms)
			ReleaseScriptingObjects (0ms)
			CreateAndSetChildDomain (33ms)
		EndReloadAssembly (833ms)
			LoadAssemblies (94ms)
			RebuildTransferFunctionScriptingTraits (0ms)
			SetupTypeCache (306ms)
			ReleaseScriptCaches (1ms)
			RebuildScriptCaches (44ms)
			SetupLoadedEditorAssemblies (288ms)
				LogAssemblyErrors (0ms)
				InitializePlatformSupportModulesInManaged (6ms)
				SetLoadedEditorAssemblies (1ms)
				RefreshPlugins (1ms)
				BeforeProcessingInitializeOnLoad (63ms)
				ProcessInitializeOnLoadAttributes (211ms)
				ProcessInitializeOnLoadMethodAttributes (4ms)
				AfterProcessingInitializeOnLoad (2ms)
				EditorAssembliesLoaded (0ms)
			ExecutionOrderSort2 (0ms)
			AwakeInstancesAfterBackupRestoration (8ms)
Platform modules already initialized, skipping
Switching build target platform(19) subTarget(0) extendedPlatform(0) -> platform(13) subTarget(537395200) extendedPlatform(0)
Refreshing native plugins compatible for Editor in 0.78 ms, found 3 plugins.
Preloading 0 native plugins for Editor in 0.00 ms.
Unloading 4597 Unused Serialized files (Serialized files now loaded: 0)
System memory in use before: 179.1 MB.
System memory in use after: 174.9 MB.

Unloading 75 unused Assets to reduce memory usage. Loaded Objects now: 5047.
Total: 4.377300 ms (FindLiveObjects: 0.328300 ms CreateObjectMapping: 0.209900 ms MarkObjects: 2.075300 ms  DeleteObjects: 1.763100 ms)

AssetImportParameters requested are different than current active one (requested -> active):
  custom:framework-win-MediaFoundation: 216162199b28c13a410421893ffa2e32 -> 
  custom:video-decoder-ogg-theora: a1e56fd34408186e4bbccfd4996cb3dc -> 
  custom:container-muxer-webm: aa71ff27fc2769a1b78a27578f13a17b -> 
  custom:container-demuxer-webm: 4f35f7cbe854078d1ac9338744f61a02 -> 
  custom:container-demuxer-ogg: 62fdf1f143b41e24485cea50d1cbac27 -> 
  custom:video-encoder-webm-vp8: eb34c28f22e8b96e1ab97ce403110664 -> 
  custom:video-decoder-webm-vp8: 9c59270c3fd7afecdb556c50c9e8de78 -> 
  custom:graphics/normal-map-encoding: 01000000000000000000000000000000 -> 02000000000000000000000000000000
  custom:audio-decoder-ogg-vorbis: bf7c407c2cedff20999df2af8eb42d56 -> 
  custom:audio-encoder-webm-vorbis: bf7c407c2cedff20999df2af8eb42d56 -> 
========================================================================
Received Prepare
Registering precompiled user dll's ...
Registered in 0.004910 seconds.
Begin MonoManager ReloadAssembly
Symbol file LoadedFromMemory doesn't match image F:\Unity\CatLike_\CatLike\Library\PackageCache\com.unity.visualscripting@1.6.1\Editor\VisualScripting.Core\Dependencies\YamlDotNet\Unity.VisualScripting.YamlDotNet.dll
Symbol file LoadedFromMemory doesn't match image F:\Unity\CatLike_\CatLike\Library\PackageCache\com.unity.visualscripting@1.6.1\Editor\VisualScripting.Core\Dependencies\DotNetZip\Unity.VisualScripting.IonicZip.dll
Native extension for WindowsStandalone target not found
Refreshing native plugins compatible for Editor in 0.77 ms, found 3 plugins.
Preloading 0 native plugins for Editor in 0.00 ms.
Mono: successfully reloaded assembly
- Completed reload, in  1.030 seconds
Domain Reload Profiling:
	ReloadAssembly (1030ms)
		BeginReloadAssembly (112ms)
			ExecutionOrderSort (0ms)
			DisableScriptedObjects (4ms)
			BackupInstance (0ms)
			ReleaseScriptingObjects (0ms)
			CreateAndSetChildDomain (32ms)
		EndReloadAssembly (873ms)
			LoadAssemblies (86ms)
			RebuildTransferFunctionScriptingTraits (0ms)
			SetupTypeCache (321ms)
			ReleaseScriptCaches (1ms)
			RebuildScriptCaches (46ms)
			SetupLoadedEditorAssemblies (301ms)
				LogAssemblyErrors (0ms)
				InitializePlatformSupportModulesInManaged (4ms)
				SetLoadedEditorAssemblies (0ms)
				RefreshPlugins (1ms)
				BeforeProcessingInitializeOnLoad (62ms)
				ProcessInitializeOnLoadAttributes (227ms)
				ProcessInitializeOnLoadMethodAttributes (4ms)
				AfterProcessingInitializeOnLoad (2ms)
				EditorAssembliesLoaded (0ms)
			ExecutionOrderSort2 (0ms)
			AwakeInstancesAfterBackupRestoration (8ms)
Platform modules already initialized, skipping
Switching build target platform(19) subTarget(0) extendedPlatform(0) -> platform(13) subTarget(537395200) extendedPlatform(0)
Refreshing native plugins compatible for Editor in 0.79 ms, found 3 plugins.
Preloading 0 native plugins for Editor in 0.00 ms.
Unloading 4597 Unused Serialized files (Serialized files now loaded: 0)
System memory in use before: 179.1 MB.
System memory in use after: 175.0 MB.

Unloading 75 unused Assets to reduce memory usage. Loaded Objects now: 5050.
Total: 5.160800 ms (FindLiveObjects: 0.342000 ms CreateObjectMapping: 0.239800 ms MarkObjects: 2.135500 ms  DeleteObjects: 2.442200 ms)

AssetImportParameters requested are different than current active one (requested -> active):
  custom:framework-win-MediaFoundation: 216162199b28c13a410421893ffa2e32 -> 
  custom:video-decoder-ogg-theora: a1e56fd34408186e4bbccfd4996cb3dc -> 
  custom:container-muxer-webm: aa71ff27fc2769a1b78a27578f13a17b -> 
  custom:container-demuxer-webm: 4f35f7cbe854078d1ac9338744f61a02 -> 
  custom:container-demuxer-ogg: 62fdf1f143b41e24485cea50d1cbac27 -> 
  custom:video-encoder-webm-vp8: eb34c28f22e8b96e1ab97ce403110664 -> 
  custom:video-decoder-webm-vp8: 9c59270c3fd7afecdb556c50c9e8de78 -> 
  custom:graphics/normal-map-encoding: 01000000000000000000000000000000 -> 02000000000000000000000000000000
  custom:audio-decoder-ogg-vorbis: bf7c407c2cedff20999df2af8eb42d56 -> 
  custom:audio-encoder-webm-vorbis: bf7c407c2cedff20999df2af8eb42d56 -> 
========================================================================
Received Prepare
Registering precompiled user dll's ...
Registered in 0.004796 seconds.
Begin MonoManager ReloadAssembly
Symbol file LoadedFromMemory doesn't match image F:\Unity\CatLike_\CatLike\Library\PackageCache\com.unity.visualscripting@1.6.1\Editor\VisualScripting.Core\Dependencies\YamlDotNet\Unity.VisualScripting.YamlDotNet.dll
Symbol file LoadedFromMemory doesn't match image F:\Unity\CatLike_\CatLike\Library\PackageCache\com.unity.visualscripting@1.6.1\Editor\VisualScripting.Core\Dependencies\DotNetZip\Unity.VisualScripting.IonicZip.dll
Native extension for WindowsStandalone target not found
Refreshing native plugins compatible for Editor in 0.88 ms, found 3 plugins.
Preloading 0 native plugins for Editor in 0.00 ms.
Mono: successfully reloaded assembly
- Completed reload, in  1.196 seconds
Domain Reload Profiling:
	ReloadAssembly (1196ms)
		BeginReloadAssembly (111ms)
			ExecutionOrderSort (0ms)
			DisableScriptedObjects (4ms)
			BackupInstance (0ms)
			ReleaseScriptingObjects (0ms)
			CreateAndSetChildDomain (32ms)
		EndReloadAssembly (1033ms)
			LoadAssemblies (128ms)
			RebuildTransferFunctionScriptingTraits (0ms)
			SetupTypeCache (420ms)
			ReleaseScriptCaches (2ms)
			RebuildScriptCaches (47ms)
			SetupLoadedEditorAssemblies (316ms)
				LogAssemblyErrors (0ms)
				InitializePlatformSupportModulesInManaged (4ms)
				SetLoadedEditorAssemblies (1ms)
				RefreshPlugins (1ms)
				BeforeProcessingInitializeOnLoad (75ms)
				ProcessInitializeOnLoadAttributes (229ms)
				ProcessInitializeOnLoadMethodAttributes (4ms)
				AfterProcessingInitializeOnLoad (2ms)
				EditorAssembliesLoaded (0ms)
			ExecutionOrderSort2 (0ms)
			AwakeInstancesAfterBackupRestoration (11ms)
Platform modules already initialized, skipping
Switching build target platform(19) subTarget(0) extendedPlatform(0) -> platform(13) subTarget(537395200) extendedPlatform(0)
Refreshing native plugins compatible for Editor in 0.88 ms, found 3 plugins.
Preloading 0 native plugins for Editor in 0.00 ms.
Unloading 4597 Unused Serialized files (Serialized files now loaded: 0)
System memory in use before: 179.1 MB.
System memory in use after: 175.0 MB.

Unloading 75 unused Assets to reduce memory usage. Loaded Objects now: 5053.
Total: 4.112500 ms (FindLiveObjects: 0.326400 ms CreateObjectMapping: 0.190100 ms MarkObjects: 1.902000 ms  DeleteObjects: 1.693100 ms)

AssetImportParameters requested are different than current active one (requested -> active):
  custom:framework-win-MediaFoundation: 216162199b28c13a410421893ffa2e32 -> 
  custom:video-decoder-ogg-theora: a1e56fd34408186e4bbccfd4996cb3dc -> 
  custom:container-muxer-webm: aa71ff27fc2769a1b78a27578f13a17b -> 
  custom:container-demuxer-webm: 4f35f7cbe854078d1ac9338744f61a02 -> 
  custom:container-demuxer-ogg: 62fdf1f143b41e24485cea50d1cbac27 -> 
  custom:video-encoder-webm-vp8: eb34c28f22e8b96e1ab97ce403110664 -> 
  custom:video-decoder-webm-vp8: 9c59270c3fd7afecdb556c50c9e8de78 -> 
  custom:graphics/normal-map-encoding: 01000000000000000000000000000000 -> 02000000000000000000000000000000
  custom:audio-decoder-ogg-vorbis: bf7c407c2cedff20999df2af8eb42d56 -> 
  custom:audio-encoder-webm-vorbis: bf7c407c2cedff20999df2af8eb42d56 -> 
AssetImportWorkerClient::OnTransportError - code=2 error=End of file
